#
# There is insufficient memory for the Java Runtime Environment to continue.
# Native memory allocation (malloc) failed to allocate 603936 bytes for Chunk::new
# Possible reasons:
#   The system is out of physical RAM or swap space
#   The process is running with CompressedOops enabled, and the Java Heap may be blocking the growth of the native heap
# Possible solutions:
#   Reduce memory load on the system
#   Increase physical memory or swap space
#   Check if swap backing store is full
#   Decrease Java heap size (-Xmx/-Xms)
#   Decrease number of Java threads
#   Decrease Java thread stack sizes (-Xss)
#   Set larger code cache with -XX:ReservedCodeCacheSize=
#   JVM is running with Unscaled Compressed Oops mode in which the Java heap is
#     placed in the first 4GB address space. The Java Heap base address is the
#     maximum limit for the native heap growth. Please use -XX:HeapBaseMinAddress
#     to set the Java Heap base and to place the Java Heap above 4GB virtual address.
# This output file may be truncated or incomplete.
#
#  Out of Memory Error (arena.cpp:189), pid=15020, tid=12828
#
# JRE version: Java(TM) SE Runtime Environment (17.0.9+11) (build 17.0.9+11-LTS-201)
# Java VM: Java HotSpot(TM) 64-Bit Server VM (17.0.9+11-LTS-201, mixed mode, sharing, tiered, compressed oops, compressed class ptrs, g1 gc, windows-amd64)
# No core dump will be written. Minidumps are not enabled by default on client versions of Windows
#

---------------  S U M M A R Y ------------

Command Line: -Dclassworlds.conf=C:\Program Files\NetBeans-19\netbeans\java\maven\bin\m2.conf -Dmaven.home=C:\Program Files\NetBeans-19\netbeans\java\maven -Dlibrary.jansi.path=C:\Program Files\NetBeans-19\netbeans\java\maven\lib\jansi-native -Dmaven.multiModuleProjectDirectory=C:\Users\Administrador\Documents\NetBeansProjects\OradorApp org.codehaus.plexus.classworlds.launcher.Launcher -Dmaven.ext.class.path=C:\Program Files\NetBeans-19\netbeans\java\maven-nblib\netbeans-eventspy.jar --no-transfer-progress clean install

Host: Intel(R) Core(TM) i3-2370M CPU @ 2.40GHz, 4 cores, 7G,  Windows 10 , 64 bit Build 19041 (10.0.19041.3570)
Time: Thu Nov 30 21:21:27 2023 Hora estándar de Argentina elapsed time: 74.817615 seconds (0d 0h 1m 14s)

---------------  T H R E A D  ---------------

Current thread (0x00000252e658f050):  JavaThread "C2 CompilerThread0" daemon [_thread_in_native, id=12828, stack(0x000000a30d100000,0x000000a30d200000)]


Current CompileTask:
C2:  74817 6439       4       org.codehaus.plexus.interpolation.PrefixedValueSourceWrapper::getValue (39 bytes)

Stack: [0x000000a30d100000,0x000000a30d200000]
Native frames: (J=compiled Java code, j=interpreted, Vv=VM code, C=native code)
V  [jvm.dll+0x678a4a]
V  [jvm.dll+0x7d9cfd]
V  [jvm.dll+0x7db60e]
V  [jvm.dll+0x7dbc73]
V  [jvm.dll+0x245e1f]
V  [jvm.dll+0xaaafb]
V  [jvm.dll+0xab09c]
V  [jvm.dll+0x2ab7ef]
V  [jvm.dll+0x5812e5]
V  [jvm.dll+0x220c52]
V  [jvm.dll+0x219850]
V  [jvm.dll+0x217459]
V  [jvm.dll+0x1a3bc0]
V  [jvm.dll+0x2272de]
V  [jvm.dll+0x22548b]
V  [jvm.dll+0x78f58c]
V  [jvm.dll+0x78998a]
V  [jvm.dll+0x677875]
C  [ucrtbase.dll+0x21bb2]
C  [KERNEL32.DLL+0x17344]
C  [ntdll.dll+0x526b1]


---------------  P R O C E S S  ---------------

Threads class SMR info:
_java_thread_list=0x00000252ed4f4ba0, length=12, elements={
0x00000252c8ee6680, 0x00000252e6573440, 0x00000252e6574930, 0x00000252e6588810,
0x00000252e658a1e0, 0x00000252e658b340, 0x00000252e6599640, 0x00000252e658f050,
0x00000252e658f710, 0x00000252e65b1fc0, 0x00000252e67f26f0, 0x00000252e67f0890
}

Java Threads: ( => current thread )
  0x00000252c8ee6680 JavaThread "main" [_thread_in_native, id=7216, stack(0x000000a30c400000,0x000000a30c500000)]
  0x00000252e6573440 JavaThread "Reference Handler" daemon [_thread_blocked, id=14092, stack(0x000000a30cb00000,0x000000a30cc00000)]
  0x00000252e6574930 JavaThread "Finalizer" daemon [_thread_blocked, id=14116, stack(0x000000a30cc00000,0x000000a30cd00000)]
  0x00000252e6588810 JavaThread "Signal Dispatcher" daemon [_thread_blocked, id=7320, stack(0x000000a30cd00000,0x000000a30ce00000)]
  0x00000252e658a1e0 JavaThread "Attach Listener" daemon [_thread_blocked, id=14484, stack(0x000000a30ce00000,0x000000a30cf00000)]
  0x00000252e658b340 JavaThread "Service Thread" daemon [_thread_blocked, id=10440, stack(0x000000a30cf00000,0x000000a30d000000)]
  0x00000252e6599640 JavaThread "Monitor Deflation Thread" daemon [_thread_blocked, id=14764, stack(0x000000a30d000000,0x000000a30d100000)]
=>0x00000252e658f050 JavaThread "C2 CompilerThread0" daemon [_thread_in_native, id=12828, stack(0x000000a30d100000,0x000000a30d200000)]
  0x00000252e658f710 JavaThread "C1 CompilerThread0" daemon [_thread_blocked, id=13748, stack(0x000000a30d200000,0x000000a30d300000)]
  0x00000252e65b1fc0 JavaThread "Sweeper thread" daemon [_thread_blocked, id=15088, stack(0x000000a30d300000,0x000000a30d400000)]
  0x00000252e67f26f0 JavaThread "Notification Thread" daemon [_thread_blocked, id=14376, stack(0x000000a30d400000,0x000000a30d500000)]
  0x00000252e67f0890 JavaThread "Common-Cleaner" daemon [_thread_blocked, id=10528, stack(0x000000a30d600000,0x000000a30d700000)]

Other Threads:
  0x00000252e656aca0 VMThread "VM Thread" [stack: 0x000000a30ca00000,0x000000a30cb00000] [id=13476]
  0x00000252e67fa870 WatcherThread [stack: 0x000000a30d500000,0x000000a30d600000] [id=14368]
  0x00000252c8f3f1b0 GCTaskThread "GC Thread#0" [stack: 0x000000a30c500000,0x000000a30c600000] [id=13640]
  0x00000252e6810920 GCTaskThread "GC Thread#1" [stack: 0x000000a30d700000,0x000000a30d800000] [id=4220]
  0x00000252eb1d07f0 GCTaskThread "GC Thread#2" [stack: 0x000000a30d800000,0x000000a30d900000] [id=15264]
  0x00000252eb5d19e0 GCTaskThread "GC Thread#3" [stack: 0x000000a30d900000,0x000000a30da00000] [id=15268]
  0x00000252c8f4f7c0 ConcurrentGCThread "G1 Main Marker" [stack: 0x000000a30c600000,0x000000a30c700000] [id=10156]
  0x00000252c8f502a0 ConcurrentGCThread "G1 Conc#0" [stack: 0x000000a30c700000,0x000000a30c800000] [id=8388]
  0x00000252c8fb6350 ConcurrentGCThread "G1 Refine#0" [stack: 0x000000a30c800000,0x000000a30c900000] [id=15304]
  0x00000252c8fb7d90 ConcurrentGCThread "G1 Service" [stack: 0x000000a30c900000,0x000000a30ca00000] [id=11408]

Threads with active compile tasks:
C2 CompilerThread0    75279 6439       4       org.codehaus.plexus.interpolation.PrefixedValueSourceWrapper::getValue (39 bytes)

VM state: not at safepoint (normal execution)

VM Mutex/Monitor currently owned by a thread: None

Heap address: 0x0000000084a00000, size: 1974 MB, Compressed Oops mode: 32-bit

CDS archive(s) mapped at: [0x0000025280000000-0x0000025280bd0000-0x0000025280bd0000), size 12386304, SharedBaseAddress: 0x0000025280000000, ArchiveRelocationMode: 1.
Compressed class space mapped at: 0x0000025281000000-0x00000252c1000000, reserved size: 1073741824
Narrow klass base: 0x0000025280000000, Narrow klass shift: 0, Narrow klass range: 0x100000000

GC Precious Log:
 CPUs: 4 total, 4 available
 Memory: 7891M
 Large Page Support: Disabled
 NUMA Support: Disabled
 Compressed Oops: Enabled (32-bit)
 Heap Region Size: 1M
 Heap Min Capacity: 8M
 Heap Initial Capacity: 124M
 Heap Max Capacity: 1974M
 Pre-touch: Disabled
 Parallel Workers: 4
 Concurrent Workers: 1
 Concurrent Refinement Workers: 4
 Periodic GC: Disabled

Heap:
 garbage-first heap   total 51200K, used 25858K [0x0000000084a00000, 0x0000000100000000)
  region size 1024K, 5 young (5120K), 2 survivors (2048K)
 Metaspace       used 28343K, committed 28672K, reserved 1114112K
  class space    used 3223K, committed 3392K, reserved 1048576K

Heap Regions: E=young(eden), S=young(survivor), O=old, HS=humongous(starts), HC=humongous(continues), CS=collection set, F=free, OA=open archive, CA=closed archive, TAMS=top-at-mark-start (previous, next)
|   0|0x0000000084a00000, 0x0000000084b00000, 0x0000000084b00000|100%| O|  |TAMS 0x0000000084b00000, 0x0000000084a00000| Untracked 
|   1|0x0000000084b00000, 0x0000000084c00000, 0x0000000084c00000|100%| O|  |TAMS 0x0000000084c00000, 0x0000000084b00000| Untracked 
|   2|0x0000000084c00000, 0x0000000084d00000, 0x0000000084d00000|100%| O|  |TAMS 0x0000000084d00000, 0x0000000084c00000| Untracked 
|   3|0x0000000084d00000, 0x0000000084e00000, 0x0000000084e00000|100%| O|  |TAMS 0x0000000084e00000, 0x0000000084d00000| Untracked 
|   4|0x0000000084e00000, 0x0000000084f00000, 0x0000000084f00000|100%| O|  |TAMS 0x0000000084f00000, 0x0000000084e00000| Untracked 
|   5|0x0000000084f00000, 0x0000000085000000, 0x0000000085000000|100%| O|  |TAMS 0x0000000084f00000, 0x0000000084f00000| Untracked 
|   6|0x0000000085000000, 0x0000000085100000, 0x0000000085100000|100%| O|  |TAMS 0x0000000085100000, 0x0000000085000000| Untracked 
|   7|0x0000000085100000, 0x0000000085200000, 0x0000000085200000|100%| O|  |TAMS 0x0000000085200000, 0x0000000085100000| Untracked 
|   8|0x0000000085200000, 0x0000000085300000, 0x0000000085300000|100%| O|  |TAMS 0x0000000085300000, 0x0000000085200000| Untracked 
|   9|0x0000000085300000, 0x0000000085400000, 0x0000000085400000|100%| O|  |TAMS 0x0000000085400000, 0x0000000085300000| Untracked 
|  10|0x0000000085400000, 0x0000000085500000, 0x0000000085500000|100%| O|  |TAMS 0x0000000085500000, 0x0000000085400000| Untracked 
|  11|0x0000000085500000, 0x0000000085600000, 0x0000000085600000|100%| O|  |TAMS 0x0000000085600000, 0x0000000085500000| Untracked 
|  12|0x0000000085600000, 0x0000000085700000, 0x0000000085700000|100%| O|  |TAMS 0x0000000085700000, 0x0000000085600000| Untracked 
|  13|0x0000000085700000, 0x0000000085800000, 0x0000000085800000|100%| O|  |TAMS 0x0000000085800000, 0x0000000085700000| Untracked 
|  14|0x0000000085800000, 0x0000000085900000, 0x0000000085900000|100%| O|  |TAMS 0x0000000085900000, 0x0000000085800000| Untracked 
|  15|0x0000000085900000, 0x0000000085a00000, 0x0000000085a00000|100%| O|  |TAMS 0x0000000085a00000, 0x0000000085900000| Untracked 
|  16|0x0000000085a00000, 0x0000000085b00000, 0x0000000085b00000|100%| O|  |TAMS 0x0000000085a00000, 0x0000000085a00000| Untracked 
|  17|0x0000000085b00000, 0x0000000085b56c00, 0x0000000085c00000| 33%| O|  |TAMS 0x0000000085b00000, 0x0000000085b00000| Untracked 
|  18|0x0000000085c00000, 0x0000000085c00000, 0x0000000085d00000|  0%| F|  |TAMS 0x0000000085c00000, 0x0000000085c00000| Untracked 
|  19|0x0000000085d00000, 0x0000000085d00000, 0x0000000085e00000|  0%| F|  |TAMS 0x0000000085d00000, 0x0000000085d00000| Untracked 
|  20|0x0000000085e00000, 0x0000000085f00000, 0x0000000085f00000|100%| O|  |TAMS 0x0000000085f00000, 0x0000000085e00000| Untracked 
|  21|0x0000000085f00000, 0x0000000086000000, 0x0000000086000000|100%| O|  |TAMS 0x0000000086000000, 0x0000000085f00000| Untracked 
|  22|0x0000000086000000, 0x0000000086100000, 0x0000000086100000|100%| O|  |TAMS 0x0000000086100000, 0x0000000086000000| Untracked 
|  23|0x0000000086100000, 0x0000000086200000, 0x0000000086200000|100%| O|  |TAMS 0x0000000086200000, 0x0000000086100000| Untracked 
|  24|0x0000000086200000, 0x0000000086200000, 0x0000000086300000|  0%| F|  |TAMS 0x0000000086200000, 0x0000000086200000| Untracked 
|  25|0x0000000086300000, 0x0000000086300000, 0x0000000086400000|  0%| F|  |TAMS 0x0000000086300000, 0x0000000086300000| Untracked 
|  26|0x0000000086400000, 0x0000000086400000, 0x0000000086500000|  0%| F|  |TAMS 0x0000000086400000, 0x0000000086400000| Untracked 
|  27|0x0000000086500000, 0x0000000086500000, 0x0000000086600000|  0%| F|  |TAMS 0x0000000086500000, 0x0000000086500000| Untracked 
|  28|0x0000000086600000, 0x0000000086600000, 0x0000000086700000|  0%| F|  |TAMS 0x0000000086600000, 0x0000000086600000| Untracked 
|  29|0x0000000086700000, 0x0000000086700000, 0x0000000086800000|  0%| F|  |TAMS 0x0000000086700000, 0x0000000086700000| Untracked 
|  30|0x0000000086800000, 0x0000000086800000, 0x0000000086900000|  0%| F|  |TAMS 0x0000000086800000, 0x0000000086800000| Untracked 
|  31|0x0000000086900000, 0x0000000086900000, 0x0000000086a00000|  0%| F|  |TAMS 0x0000000086900000, 0x0000000086900000| Untracked 
|  32|0x0000000086a00000, 0x0000000086ae9dc0, 0x0000000086b00000| 91%| S|CS|TAMS 0x0000000086a00000, 0x0000000086a00000| Complete 
|  33|0x0000000086b00000, 0x0000000086c00000, 0x0000000086c00000|100%| S|CS|TAMS 0x0000000086b00000, 0x0000000086b00000| Complete 
|  34|0x0000000086c00000, 0x0000000086c00000, 0x0000000086d00000|  0%| F|  |TAMS 0x0000000086c00000, 0x0000000086c00000| Untracked 
|  35|0x0000000086d00000, 0x0000000086d00000, 0x0000000086e00000|  0%| F|  |TAMS 0x0000000086d00000, 0x0000000086d00000| Untracked 
|  36|0x0000000086e00000, 0x0000000086e00000, 0x0000000086f00000|  0%| F|  |TAMS 0x0000000086e00000, 0x0000000086e00000| Untracked 
|  37|0x0000000086f00000, 0x0000000086f00000, 0x0000000087000000|  0%| F|  |TAMS 0x0000000086f00000, 0x0000000086f00000| Untracked 
|  38|0x0000000087000000, 0x0000000087000000, 0x0000000087100000|  0%| F|  |TAMS 0x0000000087000000, 0x0000000087000000| Untracked 
|  39|0x0000000087100000, 0x0000000087100000, 0x0000000087200000|  0%| F|  |TAMS 0x0000000087100000, 0x0000000087100000| Untracked 
|  40|0x0000000087200000, 0x0000000087200000, 0x0000000087300000|  0%| F|  |TAMS 0x0000000087200000, 0x0000000087200000| Untracked 
|  87|0x000000008a100000, 0x000000008a100000, 0x000000008a200000|  0%| F|  |TAMS 0x000000008a100000, 0x000000008a100000| Untracked 
|  88|0x000000008a200000, 0x000000008a200000, 0x000000008a300000|  0%| F|  |TAMS 0x000000008a200000, 0x000000008a200000| Untracked 
|  89|0x000000008a300000, 0x000000008a300000, 0x000000008a400000|  0%| F|  |TAMS 0x000000008a300000, 0x000000008a300000| Untracked 
|  90|0x000000008a400000, 0x000000008a400000, 0x000000008a500000|  0%| F|  |TAMS 0x000000008a400000, 0x000000008a400000| Untracked 
|  91|0x000000008a500000, 0x000000008a500000, 0x000000008a600000|  0%| F|  |TAMS 0x000000008a500000, 0x000000008a500000| Untracked 
|  92|0x000000008a600000, 0x000000008a600000, 0x000000008a700000|  0%| F|  |TAMS 0x000000008a600000, 0x000000008a600000| Untracked 
|  93|0x000000008a700000, 0x000000008a7e3d90, 0x000000008a800000| 89%| E|  |TAMS 0x000000008a700000, 0x000000008a700000| Complete 
|  94|0x000000008a800000, 0x000000008a900000, 0x000000008a900000|100%| E|CS|TAMS 0x000000008a800000, 0x000000008a800000| Complete 
| 123|0x000000008c500000, 0x000000008c600000, 0x000000008c600000|100%| E|CS|TAMS 0x000000008c500000, 0x000000008c500000| Complete 

Card table byte_map: [0x00000252dfb70000,0x00000252dff50000] _byte_map_base: 0x00000252df74b000

Marking Bits (Prev, Next): (CMBitMap*) 0x00000252c8f3f7d0, (CMBitMap*) 0x00000252c8f3f810
 Prev Bits: [0x00000252e0330000, 0x00000252e2208000)
 Next Bits: [0x00000252e2210000, 0x00000252e40e8000)

Polling page: 0x00000252c6ec0000

Metaspace:

Usage:
  Non-class:     24.53 MB used.
      Class:      3.15 MB used.
       Both:     27.68 MB used.

Virtual space:
  Non-class space:       64.00 MB reserved,      24.69 MB ( 39%) committed,  1 nodes.
      Class space:        1.00 GB reserved,       3.31 MB ( <1%) committed,  1 nodes.
             Both:        1.06 GB reserved,      28.00 MB (  3%) committed. 

Chunk freelists:
   Non-Class:  7.19 MB
       Class:  12.71 MB
        Both:  19.90 MB

MaxMetaspaceSize: unlimited
CompressedClassSpaceSize: 1.00 GB
Initial GC threshold: 21.00 MB
Current GC threshold: 44.50 MB
CDS: on
MetaspaceReclaimPolicy: balanced
 - commit_granule_bytes: 65536.
 - commit_granule_words: 8192.
 - virtual_space_node_default_size: 8388608.
 - enlarge_chunks_in_place: 1.
 - new_chunks_are_fully_committed: 0.
 - uncommit_free_chunks: 1.
 - use_allocation_guard: 0.
 - handle_deallocations: 1.


Internal statistics:

num_allocs_failed_limit: 6.
num_arena_births: 184.
num_arena_deaths: 0.
num_vsnodes_births: 2.
num_vsnodes_deaths: 0.
num_space_committed: 448.
num_space_uncommitted: 0.
num_chunks_returned_to_freelist: 6.
num_chunks_taken_from_freelist: 1201.
num_chunk_merges: 6.
num_chunk_splits: 845.
num_chunks_enlarged: 671.
num_inconsistent_stats: 0.

CodeHeap 'non-profiled nmethods': size=120000Kb used=2792Kb max_used=3047Kb free=117207Kb
 bounds [0x00000252d8260000, 0x00000252d8580000, 0x00000252df790000]
CodeHeap 'profiled nmethods': size=120000Kb used=12104Kb max_used=13711Kb free=107895Kb
 bounds [0x00000252d0790000, 0x00000252d1520000, 0x00000252d7cc0000]
CodeHeap 'non-nmethods': size=5760Kb used=1216Kb max_used=1249Kb free=4543Kb
 bounds [0x00000252d7cc0000, 0x00000252d7f30000, 0x00000252d8260000]
 total_blobs=6063 nmethods=5543 adapters=432
 compilation: enabled
              stopped_count=0, restarted_count=0
 full_count=0

Compilation events (20 events):
Event: 74.157 Thread 0x00000252e658f710 nmethod 6435 0x00000252d0bc3b10 code [0x00000252d0bc3ce0, 0x00000252d0bc40e8]
Event: 74.243 Thread 0x00000252e658f710 6436       3       org.apache.maven.model.io.xpp3.MavenXpp3Reader::parseParent (262 bytes)
Event: 74.247 Thread 0x00000252e658f710 nmethod 6436 0x00000252d0994a10 code [0x00000252d0994e80, 0x00000252d0996ca8]
Event: 74.247 Thread 0x00000252e658f710 6437       3       org.apache.maven.model.io.xpp3.MavenXpp3Reader::parseBuild (857 bytes)
Event: 74.249 Thread 0x00000252e658f050 6438       4       java.util.LinkedHashMap$LinkedKeyIterator::next (8 bytes)
Event: 74.254 Thread 0x00000252e658f050 nmethod 6438 0x00000252d82b7f10 code [0x00000252d82b8080, 0x00000252d82b82f8]
Event: 74.258 Thread 0x00000252e658f710 nmethod 6437 0x00000252d09f0010 code [0x00000252d09f0a80, 0x00000252d09f6708]
Event: 74.679 Thread 0x00000252e658f050 6439       4       org.codehaus.plexus.interpolation.PrefixedValueSourceWrapper::getValue (39 bytes)
Event: 74.683 Thread 0x00000252e658f710 6440       3       org.eclipse.aether.internal.impl.collect.CollectStepDataImpl::<init> (38 bytes)
Event: 74.684 Thread 0x00000252e658f710 nmethod 6440 0x00000252d093bc90 code [0x00000252d093bea0, 0x00000252d093c668]
Event: 74.684 Thread 0x00000252e658f710 6441       3       org.eclipse.aether.util.graph.manager.ClassicDependencyManager::manageDependency (359 bytes)
Event: 74.689 Thread 0x00000252e658f710 nmethod 6441 0x00000252d07fec10 code [0x00000252d07ff0c0, 0x00000252d0801b28]
Event: 74.689 Thread 0x00000252e658f710 6442       3       org.eclipse.aether.internal.impl.collect.PremanagedDependency::<init> (88 bytes)
Event: 74.690 Thread 0x00000252e658f710 nmethod 6442 0x00000252d087eb90 code [0x00000252d087ede0, 0x00000252d087f998]
Event: 74.690 Thread 0x00000252e658f710 6443       3       org.eclipse.aether.resolution.VersionRangeRequest::<init> (18 bytes)
Event: 74.691 Thread 0x00000252e658f710 nmethod 6443 0x00000252d0cbc890 code [0x00000252d0cbca40, 0x00000252d0cbccd8]
Event: 74.691 Thread 0x00000252e658f710 6444       3       org.eclipse.aether.internal.impl.collect.DataPool$HardInternPool::get (9 bytes)
Event: 74.691 Thread 0x00000252e658f710 nmethod 6444 0x00000252d120cb10 code [0x00000252d120ccc0, 0x00000252d120ce28]
Event: 74.738 Thread 0x00000252e658f710 6445       3       java.lang.ThreadLocal::setInitialValue (50 bytes)
Event: 74.739 Thread 0x00000252e658f710 nmethod 6445 0x00000252d12f7b90 code [0x00000252d12f7dc0, 0x00000252d12f8718]

GC Heap History (20 events):
Event: 9.064 GC heap before
{Heap before GC invocations=0 (full 0):
 garbage-first heap   total 126976K, used 13312K [0x0000000084a00000, 0x0000000100000000)
  region size 1024K, 13 young (13312K), 0 survivors (0K)
 Metaspace       used 3701K, committed 3840K, reserved 1114112K
  class space    used 401K, committed 448K, reserved 1048576K
}
Event: 9.074 GC heap after
{Heap after GC invocations=1 (full 0):
 garbage-first heap   total 126976K, used 3300K [0x0000000084a00000, 0x0000000100000000)
  region size 1024K, 2 young (2048K), 2 survivors (2048K)
 Metaspace       used 3701K, committed 3840K, reserved 1114112K
  class space    used 401K, committed 448K, reserved 1048576K
}
Event: 12.228 GC heap before
{Heap before GC invocations=1 (full 0):
 garbage-first heap   total 126976K, used 15588K [0x0000000084a00000, 0x0000000100000000)
  region size 1024K, 14 young (14336K), 2 survivors (2048K)
 Metaspace       used 5551K, committed 5696K, reserved 1114112K
  class space    used 670K, committed 768K, reserved 1048576K
}
Event: 12.236 GC heap after
{Heap after GC invocations=2 (full 0):
 garbage-first heap   total 126976K, used 4071K [0x0000000084a00000, 0x0000000100000000)
  region size 1024K, 1 young (1024K), 1 survivors (1024K)
 Metaspace       used 5551K, committed 5696K, reserved 1114112K
  class space    used 670K, committed 768K, reserved 1048576K
}
Event: 14.113 GC heap before
{Heap before GC invocations=2 (full 0):
 garbage-first heap   total 126976K, used 31719K [0x0000000084a00000, 0x0000000100000000)
  region size 1024K, 28 young (28672K), 1 survivors (1024K)
 Metaspace       used 9732K, committed 9920K, reserved 1114112K
  class space    used 1189K, committed 1280K, reserved 1048576K
}
Event: 14.121 GC heap after
{Heap after GC invocations=3 (full 0):
 garbage-first heap   total 126976K, used 5375K [0x0000000084a00000, 0x0000000100000000)
  region size 1024K, 3 young (3072K), 3 survivors (3072K)
 Metaspace       used 9732K, committed 9920K, reserved 1114112K
  class space    used 1189K, committed 1280K, reserved 1048576K
}
Event: 35.530 GC heap before
{Heap before GC invocations=3 (full 0):
 garbage-first heap   total 126976K, used 78079K [0x0000000084a00000, 0x0000000100000000)
  region size 1024K, 74 young (75776K), 3 survivors (3072K)
 Metaspace       used 16441K, committed 16704K, reserved 1114112K
  class space    used 1944K, committed 2048K, reserved 1048576K
}
Event: 35.551 GC heap after
{Heap after GC invocations=4 (full 0):
 garbage-first heap   total 126976K, used 10285K [0x0000000084a00000, 0x0000000100000000)
  region size 1024K, 7 young (7168K), 7 survivors (7168K)
 Metaspace       used 16441K, committed 16704K, reserved 1114112K
  class space    used 1944K, committed 2048K, reserved 1048576K
}
Event: 46.581 GC heap before
{Heap before GC invocations=4 (full 0):
 garbage-first heap   total 126976K, used 38957K [0x0000000084a00000, 0x0000000100000000)
  region size 1024K, 36 young (36864K), 7 survivors (7168K)
 Metaspace       used 21250K, committed 21504K, reserved 1114112K
  class space    used 2529K, committed 2624K, reserved 1048576K
}
Event: 46.604 GC heap after
{Heap after GC invocations=5 (full 0):
 garbage-first heap   total 126976K, used 12864K [0x0000000084a00000, 0x0000000100000000)
  region size 1024K, 8 young (8192K), 8 survivors (8192K)
 Metaspace       used 21250K, committed 21504K, reserved 1114112K
  class space    used 2529K, committed 2624K, reserved 1048576K
}
Event: 49.530 GC heap before
{Heap before GC invocations=6 (full 0):
 garbage-first heap   total 51200K, used 35392K [0x0000000084a00000, 0x0000000100000000)
  region size 1024K, 30 young (30720K), 8 survivors (8192K)
 Metaspace       used 25166K, committed 25472K, reserved 1114112K
  class space    used 2936K, committed 3072K, reserved 1048576K
}
Event: 49.572 GC heap after
{Heap after GC invocations=7 (full 0):
 garbage-first heap   total 51200K, used 19141K [0x0000000084a00000, 0x0000000100000000)
  region size 1024K, 4 young (4096K), 4 survivors (4096K)
 Metaspace       used 25166K, committed 25472K, reserved 1114112K
  class space    used 2936K, committed 3072K, reserved 1048576K
}
Event: 49.683 GC heap before
{Heap before GC invocations=7 (full 0):
 garbage-first heap   total 51200K, used 20165K [0x0000000084a00000, 0x0000000100000000)
  region size 1024K, 5 young (5120K), 4 survivors (4096K)
 Metaspace       used 25181K, committed 25472K, reserved 1114112K
  class space    used 2939K, committed 3072K, reserved 1048576K
}
Event: 49.696 GC heap after
{Heap after GC invocations=8 (full 0):
 garbage-first heap   total 51200K, used 20378K [0x0000000084a00000, 0x0000000100000000)
  region size 1024K, 1 young (1024K), 1 survivors (1024K)
 Metaspace       used 25181K, committed 25472K, reserved 1114112K
  class space    used 2939K, committed 3072K, reserved 1048576K
}
Event: 56.457 GC heap before
{Heap before GC invocations=8 (full 0):
 garbage-first heap   total 51200K, used 36762K [0x0000000084a00000, 0x0000000100000000)
  region size 1024K, 17 young (17408K), 1 survivors (1024K)
 Metaspace       used 27010K, committed 27328K, reserved 1114112K
  class space    used 3120K, committed 3264K, reserved 1048576K
}
Event: 56.495 GC heap after
{Heap after GC invocations=9 (full 0):
 garbage-first heap   total 51200K, used 21901K [0x0000000084a00000, 0x0000000100000000)
  region size 1024K, 3 young (3072K), 3 survivors (3072K)
 Metaspace       used 27010K, committed 27328K, reserved 1114112K
  class space    used 3120K, committed 3264K, reserved 1048576K
}
Event: 64.814 GC heap before
{Heap before GC invocations=10 (full 0):
 garbage-first heap   total 51200K, used 37261K [0x0000000084a00000, 0x0000000100000000)
  region size 1024K, 18 young (18432K), 3 survivors (3072K)
 Metaspace       used 27153K, committed 27456K, reserved 1114112K
  class space    used 3120K, committed 3264K, reserved 1048576K
}
Event: 64.826 GC heap after
{Heap after GC invocations=11 (full 0):
 garbage-first heap   total 51200K, used 22875K [0x0000000084a00000, 0x0000000100000000)
  region size 1024K, 1 young (1024K), 1 survivors (1024K)
 Metaspace       used 27153K, committed 27456K, reserved 1114112K
  class space    used 3120K, committed 3264K, reserved 1048576K
}
Event: 73.500 GC heap before
{Heap before GC invocations=11 (full 0):
 garbage-first heap   total 51200K, used 37211K [0x0000000084a00000, 0x0000000100000000)
  region size 1024K, 16 young (16384K), 1 survivors (1024K)
 Metaspace       used 28306K, committed 28608K, reserved 1114112K
  class space    used 3223K, committed 3392K, reserved 1048576K
}
Event: 73.506 GC heap after
{Heap after GC invocations=12 (full 0):
 garbage-first heap   total 51200K, used 23810K [0x0000000084a00000, 0x0000000100000000)
  region size 1024K, 2 young (2048K), 2 survivors (2048K)
 Metaspace       used 28306K, committed 28608K, reserved 1114112K
  class space    used 3223K, committed 3392K, reserved 1048576K
}

Deoptimization events (20 events):
Event: 71.787 Thread 0x00000252c8ee6680 Uncommon trap: trap_request=0xffffffde fr.pc=0x00000252d83326fc relative=0x000000000000049c
Event: 71.787 Thread 0x00000252c8ee6680 Uncommon trap: reason=class_check action=maybe_recompile pc=0x00000252d83326fc method=com.google.inject.internal.MoreTypes.getRawType(Ljava/lang/reflect/Type;)Ljava/lang/Class; @ 13 c2
Event: 71.787 Thread 0x00000252c8ee6680 DEOPT PACKING pc=0x00000252d83326fc sp=0x000000a30c4fdb10
Event: 71.787 Thread 0x00000252c8ee6680 DEOPT UNPACKING pc=0x00000252d7d123a3 sp=0x000000a30c4fda58 mode 2
Event: 71.787 Thread 0x00000252c8ee6680 Uncommon trap: trap_request=0xffffffde fr.pc=0x00000252d83326fc relative=0x000000000000049c
Event: 71.787 Thread 0x00000252c8ee6680 Uncommon trap: reason=class_check action=maybe_recompile pc=0x00000252d83326fc method=com.google.inject.internal.MoreTypes.getRawType(Ljava/lang/reflect/Type;)Ljava/lang/Class; @ 13 c2
Event: 71.788 Thread 0x00000252c8ee6680 DEOPT PACKING pc=0x00000252d83326fc sp=0x000000a30c4fdb10
Event: 71.788 Thread 0x00000252c8ee6680 DEOPT UNPACKING pc=0x00000252d7d123a3 sp=0x000000a30c4fda58 mode 2
Event: 71.788 Thread 0x00000252c8ee6680 Uncommon trap: trap_request=0xffffffde fr.pc=0x00000252d833189c relative=0x000000000000007c
Event: 71.788 Thread 0x00000252c8ee6680 Uncommon trap: reason=class_check action=maybe_recompile pc=0x00000252d833189c method=com.google.inject.internal.MoreTypes.getRawType(Ljava/lang/reflect/Type;)Ljava/lang/Class; @ 13 c2
Event: 71.788 Thread 0x00000252c8ee6680 DEOPT PACKING pc=0x00000252d833189c sp=0x000000a30c4fdab0
Event: 71.788 Thread 0x00000252c8ee6680 DEOPT UNPACKING pc=0x00000252d7d123a3 sp=0x000000a30c4fda40 mode 2
Event: 73.227 Thread 0x00000252c8ee6680 Uncommon trap: trap_request=0xffffff45 fr.pc=0x00000252d855e254 relative=0x0000000000004094
Event: 73.227 Thread 0x00000252c8ee6680 Uncommon trap: reason=unstable_if action=reinterpret pc=0x00000252d855e254 method=org.apache.maven.model.inheritance.DefaultInheritanceAssembler$InheritanceModelMerger.mergePluginContainer_Plugins(Lorg/apache/maven/model/PluginContainer;Lorg/apache/maven/
Event: 73.227 Thread 0x00000252c8ee6680 DEOPT PACKING pc=0x00000252d855e254 sp=0x000000a30c4fc770
Event: 73.227 Thread 0x00000252c8ee6680 DEOPT UNPACKING pc=0x00000252d7d123a3 sp=0x000000a30c4fc770 mode 2
Event: 73.583 Thread 0x00000252c8ee6680 Uncommon trap: trap_request=0xffffff45 fr.pc=0x00000252d83c5520 relative=0x0000000000002720
Event: 73.583 Thread 0x00000252c8ee6680 Uncommon trap: reason=unstable_if action=reinterpret pc=0x00000252d83c5520 method=org.codehaus.plexus.util.xml.pull.MXParser.parseAttribute()C @ 779 c2
Event: 73.583 Thread 0x00000252c8ee6680 DEOPT PACKING pc=0x00000252d83c5520 sp=0x000000a30c4fb8c0
Event: 73.583 Thread 0x00000252c8ee6680 DEOPT UNPACKING pc=0x00000252d7d123a3 sp=0x000000a30c4fb848 mode 2

Classes unloaded (0 events):
No events

Classes redefined (0 events):
No events

Internal exceptions (20 events):
Event: 53.515 Thread 0x00000252c8ee6680 Exception <a 'sun/nio/fs/WindowsException'{0x0000000087013e08}> (0x0000000087013e08) 
thrown [s\open\src\hotspot\share\prims\jni.cpp, line 516]
Event: 53.517 Thread 0x00000252c8ee6680 Exception <a 'sun/nio/fs/WindowsException'{0x00000000870145a0}> (0x00000000870145a0) 
thrown [s\open\src\hotspot\share\prims\jni.cpp, line 516]
Event: 53.517 Thread 0x00000252c8ee6680 Exception <a 'sun/nio/fs/WindowsException'{0x0000000087014b60}> (0x0000000087014b60) 
thrown [s\open\src\hotspot\share\prims\jni.cpp, line 516]
Event: 53.517 Thread 0x00000252c8ee6680 Exception <a 'sun/nio/fs/WindowsException'{0x00000000870152e8}> (0x00000000870152e8) 
thrown [s\open\src\hotspot\share\prims\jni.cpp, line 516]
Event: 53.518 Thread 0x00000252c8ee6680 Exception <a 'sun/nio/fs/WindowsException'{0x0000000087015698}> (0x0000000087015698) 
thrown [s\open\src\hotspot\share\prims\jni.cpp, line 516]
Event: 53.518 Thread 0x00000252c8ee6680 Exception <a 'sun/nio/fs/WindowsException'{0x0000000087016390}> (0x0000000087016390) 
thrown [s\open\src\hotspot\share\prims\jni.cpp, line 516]
Event: 53.710 Thread 0x00000252c8ee6680 Exception <a 'sun/nio/fs/WindowsException'{0x00000000870264d0}> (0x00000000870264d0) 
thrown [s\open\src\hotspot\share\prims\jni.cpp, line 516]
Event: 53.732 Thread 0x00000252c8ee6680 Exception <a 'sun/nio/fs/WindowsException'{0x000000008704fc28}> (0x000000008704fc28) 
thrown [s\open\src\hotspot\share\prims\jni.cpp, line 516]
Event: 53.733 Thread 0x00000252c8ee6680 Exception <a 'sun/nio/fs/WindowsException'{0x00000000870503b0}> (0x00000000870503b0) 
thrown [s\open\src\hotspot\share\prims\jni.cpp, line 516]
Event: 53.809 Thread 0x00000252c8ee6680 Exception <a 'sun/nio/fs/WindowsException'{0x00000000870bd9b8}> (0x00000000870bd9b8) 
thrown [s\open\src\hotspot\share\prims\jni.cpp, line 516]
Event: 53.968 Thread 0x00000252c8ee6680 Exception <a 'sun/nio/fs/WindowsException'{0x00000000870d1c70}> (0x00000000870d1c70) 
thrown [s\open\src\hotspot\share\prims\jni.cpp, line 516]
Event: 53.968 Thread 0x00000252c8ee6680 Exception <a 'sun/nio/fs/WindowsException'{0x00000000870d23f8}> (0x00000000870d23f8) 
thrown [s\open\src\hotspot\share\prims\jni.cpp, line 516]
Event: 54.009 Thread 0x00000252c8ee6680 Exception <a 'sun/nio/fs/WindowsException'{0x0000000086f1b7c0}> (0x0000000086f1b7c0) 
thrown [s\open\src\hotspot\share\prims\jni.cpp, line 516]
Event: 54.178 Thread 0x00000252c8ee6680 Exception <a 'sun/nio/fs/WindowsException'{0x0000000086faa7f0}> (0x0000000086faa7f0) 
thrown [s\open\src\hotspot\share\prims\jni.cpp, line 516]
Event: 54.225 Thread 0x00000252c8ee6680 Exception <a 'sun/nio/fs/WindowsException'{0x0000000086fc9810}> (0x0000000086fc9810) 
thrown [s\open\src\hotspot\share\prims\jni.cpp, line 516]
Event: 54.241 Thread 0x00000252c8ee6680 Exception <a 'sun/nio/fs/WindowsException'{0x0000000086fd2ae8}> (0x0000000086fd2ae8) 
thrown [s\open\src\hotspot\share\prims\jni.cpp, line 516]
Event: 54.712 Thread 0x00000252c8ee6680 Exception <a 'sun/nio/fs/WindowsException'{0x0000000086e13208}> (0x0000000086e13208) 
thrown [s\open\src\hotspot\share\prims\jni.cpp, line 516]
Event: 72.217 Thread 0x00000252e67f21e0 Exception <a 'java/lang/NoSuchMethodError'{0x00000000871abe38}: 'java.lang.Object java.lang.invoke.DirectMethodHandle$Holder.invokeStaticInit(java.lang.Object, java.lang.Object, long, java.lang.Object)'> (0x00000000871abe38) 
thrown [s\open\src\hotspot\share\interpreter\linkResolver.cpp, line 759]
Event: 72.218 Thread 0x00000252e67f21e0 Exception <a 'java/lang/NoSuchMethodError'{0x00000000871b2578}: 'java.lang.Object java.lang.invoke.DirectMethodHandle$Holder.newInvokeSpecial(java.lang.Object, java.lang.Object, long)'> (0x00000000871b2578) 
thrown [s\open\src\hotspot\share\interpreter\linkResolver.cpp, line 759]
Event: 72.218 Thread 0x00000252e67f21e0 Exception <a 'java/lang/NoSuchMethodError'{0x00000000871b60e8}: 'java.lang.Object java.lang.invoke.Invokers$Holder.linkToTargetMethod(java.lang.Object, long, java.lang.Object)'> (0x00000000871b60e8) 
thrown [s\open\src\hotspot\share\interpreter\linkResolver.cpp, line 759]

VM Operations (20 events):
Event: 65.834 Executing VM operation: Cleanup
Event: 65.834 Executing VM operation: Cleanup done
Event: 66.838 Executing VM operation: Cleanup
Event: 66.838 Executing VM operation: Cleanup done
Event: 69.864 Executing VM operation: Cleanup
Event: 69.864 Executing VM operation: Cleanup done
Event: 70.876 Executing VM operation: Cleanup
Event: 70.953 Executing VM operation: Cleanup done
Event: 71.112 Executing VM operation: HandshakeAllThreads
Event: 71.112 Executing VM operation: HandshakeAllThreads done
Event: 72.084 Executing VM operation: HandshakeAllThreads
Event: 72.164 Executing VM operation: HandshakeAllThreads done
Event: 72.164 Executing VM operation: Cleanup
Event: 72.164 Executing VM operation: Cleanup done
Event: 73.173 Executing VM operation: Cleanup
Event: 73.173 Executing VM operation: Cleanup done
Event: 73.500 Executing VM operation: G1CollectForAllocation
Event: 73.508 Executing VM operation: G1CollectForAllocation done
Event: 74.512 Executing VM operation: Cleanup
Event: 74.512 Executing VM operation: Cleanup done

Events (20 events):
Event: 72.762 loading class java/lang/constant/MethodTypeDescImpl
Event: 72.806 loading class java/lang/constant/MethodTypeDescImpl done
Event: 72.806 loading class java/lang/constant/MethodHandleDesc
Event: 72.807 loading class java/lang/constant/MethodHandleDesc done
Event: 72.807 loading class java/lang/constant/MethodHandleDesc$1
Event: 72.807 loading class java/lang/constant/MethodHandleDesc$1 done
Event: 72.807 loading class java/lang/constant/DirectMethodHandleDescImpl
Event: 72.808 loading class java/lang/constant/DirectMethodHandleDesc
Event: 72.808 loading class java/lang/constant/DirectMethodHandleDesc done
Event: 72.808 loading class java/lang/constant/DirectMethodHandleDescImpl done
Event: 72.808 loading class java/lang/constant/DirectMethodHandleDescImpl$1
Event: 72.808 loading class java/lang/constant/DirectMethodHandleDescImpl$1 done
Event: 72.808 loading class java/lang/constant/DirectMethodHandleDesc$1
Event: 72.808 loading class java/lang/constant/DirectMethodHandleDesc$1 done
Event: 72.809 loading class java/lang/constant/PrimitiveClassDescImpl
Event: 72.809 loading class java/lang/constant/DynamicConstantDesc
Event: 72.827 loading class java/lang/constant/DynamicConstantDesc done
Event: 72.827 loading class java/lang/constant/PrimitiveClassDescImpl done
Event: 72.827 loading class java/lang/constant/DynamicConstantDesc$AnonymousDynamicConstantDesc
Event: 72.827 loading class java/lang/constant/DynamicConstantDesc$AnonymousDynamicConstantDesc done


Dynamic libraries:
0x00007ff691320000 - 0x00007ff691330000 	C:\Program Files\Java\jdk-17\bin\java.exe
0x00007ffaed950000 - 0x00007ffaedb47000 	C:\Windows\SYSTEM32\ntdll.dll
0x00007ffac4650000 - 0x00007ffac4669000 	C:\Program Files\Avast Software\Avast\aswhook.dll
0x00007ffaebb80000 - 0x00007ffaebc3d000 	C:\Windows\System32\KERNEL32.DLL
0x00007ffaeb6b0000 - 0x00007ffaeb9a6000 	C:\Windows\System32\KERNELBASE.dll
0x00007ffaeb4d0000 - 0x00007ffaeb5d0000 	C:\Windows\System32\ucrtbase.dll
0x00007ffad72a0000 - 0x00007ffad72bb000 	C:\Program Files\Java\jdk-17\bin\VCRUNTIME140.dll
0x00007ffaccac0000 - 0x00007ffaccad9000 	C:\Program Files\Java\jdk-17\bin\jli.dll
0x00007ffaebc40000 - 0x00007ffaebcee000 	C:\Windows\System32\ADVAPI32.dll
0x00007ffaebd50000 - 0x00007ffaebdee000 	C:\Windows\System32\msvcrt.dll
0x00007ffaec760000 - 0x00007ffaec7fc000 	C:\Windows\System32\sechost.dll
0x00007ffaec4e0000 - 0x00007ffaec606000 	C:\Windows\System32\RPCRT4.dll
0x00007ffaed2c0000 - 0x00007ffaed45e000 	C:\Windows\System32\USER32.dll
0x00007ffadeb80000 - 0x00007ffadee1a000 	C:\Windows\WinSxS\amd64_microsoft.windows.common-controls_6595b64144ccf1df_6.0.19041.3570_none_60bb2a3971f3e41a\COMCTL32.dll
0x00007ffaeb180000 - 0x00007ffaeb1a2000 	C:\Windows\System32\win32u.dll
0x00007ffaed610000 - 0x00007ffaed63c000 	C:\Windows\System32\GDI32.dll
0x00007ffaeb220000 - 0x00007ffaeb33a000 	C:\Windows\System32\gdi32full.dll
0x00007ffaeb0e0000 - 0x00007ffaeb17d000 	C:\Windows\System32\msvcp_win.dll
0x00007ffae37f0000 - 0x00007ffae37fa000 	C:\Windows\SYSTEM32\VERSION.dll
0x00007ffaec610000 - 0x00007ffaec640000 	C:\Windows\System32\IMM32.DLL
0x00007ffae6ec0000 - 0x00007ffae6ecc000 	C:\Program Files\Java\jdk-17\bin\vcruntime140_1.dll
0x00007ffabd440000 - 0x00007ffabd4ce000 	C:\Program Files\Java\jdk-17\bin\msvcp140.dll
0x00007ffa76eb0000 - 0x00007ffa77a91000 	C:\Program Files\Java\jdk-17\bin\server\jvm.dll
0x00007ffaec640000 - 0x00007ffaec648000 	C:\Windows\System32\PSAPI.DLL
0x00007ffadaa10000 - 0x00007ffadaa19000 	C:\Windows\SYSTEM32\WSOCK32.dll
0x00007ffae5130000 - 0x00007ffae5157000 	C:\Windows\SYSTEM32\WINMM.dll
0x00007ffaec260000 - 0x00007ffaec2cb000 	C:\Windows\System32\WS2_32.dll
0x00007ffae8ed0000 - 0x00007ffae8ee2000 	C:\Windows\SYSTEM32\kernel.appcore.dll
0x00007ffadc970000 - 0x00007ffadc97a000 	C:\Program Files\Java\jdk-17\bin\jimage.dll
0x00007ffae0770000 - 0x00007ffae0954000 	C:\Windows\SYSTEM32\DBGHELP.DLL
0x00007ffae0730000 - 0x00007ffae0764000 	C:\Windows\SYSTEM32\dbgcore.DLL
0x00007ffaeb5d0000 - 0x00007ffaeb652000 	C:\Windows\System32\bcryptPrimitives.dll
0x00007ffabd410000 - 0x00007ffabd435000 	C:\Program Files\Java\jdk-17\bin\java.dll
0x00007ffab49c0000 - 0x00007ffab4a97000 	C:\Program Files\Java\jdk-17\bin\jsvml.dll
0x00007ffaecb60000 - 0x00007ffaed2a4000 	C:\Windows\System32\SHELL32.dll
0x00007ffae90d0000 - 0x00007ffae986b000 	C:\Windows\SYSTEM32\windows.storage.dll
0x00007ffaec800000 - 0x00007ffaecb54000 	C:\Windows\System32\combase.dll
0x00007ffaeaa70000 - 0x00007ffaeaa9d000 	C:\Windows\SYSTEM32\Wldp.dll
0x00007ffaed850000 - 0x00007ffaed8fd000 	C:\Windows\System32\SHCORE.dll
0x00007ffaed640000 - 0x00007ffaed695000 	C:\Windows\System32\shlwapi.dll
0x00007ffaeaf60000 - 0x00007ffaeaf85000 	C:\Windows\SYSTEM32\profapi.dll
0x00007ffac1be0000 - 0x00007ffac1bf9000 	C:\Program Files\Java\jdk-17\bin\net.dll
0x00007ffae0960000 - 0x00007ffae0a6a000 	C:\Windows\SYSTEM32\WINHTTP.dll
0x00007ffaea7d0000 - 0x00007ffaea83a000 	C:\Windows\system32\mswsock.dll
0x00007ffac1520000 - 0x00007ffac1536000 	C:\Program Files\Java\jdk-17\bin\nio.dll
0x00007ffac0e50000 - 0x00007ffac0e68000 	C:\Program Files\Java\jdk-17\bin\zip.dll
0x0000000069ac0000 - 0x0000000069ae4000 	C:\Program Files\NetBeans-19\netbeans\java\maven\lib\jansi-native\Windows\x86_64\jansi.dll
0x00007ffadc920000 - 0x00007ffadc930000 	C:\Program Files\Java\jdk-17\bin\verify.dll
0x00007ffaea190000 - 0x00007ffaea1c3000 	C:\Windows\SYSTEM32\ntmarta.dll

dbghelp: loaded successfully - version: 4.0.5 - missing functions: none
symbol engine: initialized successfully - sym options: 0x614 - pdb path: .;C:\Program Files\Java\jdk-17\bin;C:\Windows\SYSTEM32;C:\Program Files\Avast Software\Avast;C:\Windows\WinSxS\amd64_microsoft.windows.common-controls_6595b64144ccf1df_6.0.19041.3570_none_60bb2a3971f3e41a;C:\Program Files\Java\jdk-17\bin\server;C:\Program Files\NetBeans-19\netbeans\java\maven\lib\jansi-native\Windows\x86_64

VM Arguments:
jvm_args: -Dclassworlds.conf=C:\Program Files\NetBeans-19\netbeans\java\maven\bin\m2.conf -Dmaven.home=C:\Program Files\NetBeans-19\netbeans\java\maven -Dlibrary.jansi.path=C:\Program Files\NetBeans-19\netbeans\java\maven\lib\jansi-native -Dmaven.multiModuleProjectDirectory=C:\Users\Administrador\Documents\NetBeansProjects\OradorApp 
java_command: org.codehaus.plexus.classworlds.launcher.Launcher -Dmaven.ext.class.path=C:\Program Files\NetBeans-19\netbeans\java\maven-nblib\netbeans-eventspy.jar --no-transfer-progress clean install
java_class_path (initial): C:\Program Files\NetBeans-19\netbeans\java\maven\boot\plexus-classworlds-2.7.0.jar
Launcher Type: SUN_STANDARD

[Global flags]
     intx CICompilerCount                          = 3                                         {product} {ergonomic}
     uint ConcGCThreads                            = 1                                         {product} {ergonomic}
     uint G1ConcRefinementThreads                  = 4                                         {product} {ergonomic}
   size_t G1HeapRegionSize                         = 1048576                                   {product} {ergonomic}
    uintx GCDrainStackTargetSize                   = 64                                        {product} {ergonomic}
   size_t InitialHeapSize                          = 130023424                                 {product} {ergonomic}
   size_t MarkStackSize                            = 4194304                                   {product} {ergonomic}
   size_t MaxHeapSize                              = 2069889024                                {product} {ergonomic}
   size_t MaxNewSize                               = 1241513984                                {product} {ergonomic}
   size_t MinHeapDeltaBytes                        = 1048576                                   {product} {ergonomic}
   size_t MinHeapSize                              = 8388608                                   {product} {ergonomic}
    uintx NonNMethodCodeHeapSize                   = 5832780                                {pd product} {ergonomic}
    uintx NonProfiledCodeHeapSize                  = 122912730                              {pd product} {ergonomic}
    uintx ProfiledCodeHeapSize                     = 122912730                              {pd product} {ergonomic}
    uintx ReservedCodeCacheSize                    = 251658240                              {pd product} {ergonomic}
     bool SegmentedCodeCache                       = true                                      {product} {ergonomic}
   size_t SoftMaxHeapSize                          = 2069889024                             {manageable} {ergonomic}
     bool UseCompressedClassPointers               = true                           {product lp64_product} {ergonomic}
     bool UseCompressedOops                        = true                           {product lp64_product} {ergonomic}
     bool UseG1GC                                  = true                                      {product} {ergonomic}
     bool UseLargePagesIndividualAllocation        = false                                  {pd product} {ergonomic}

Logging:
Log output configuration:
 #0: stdout all=warning uptime,level,tags
 #1: stderr all=off uptime,level,tags

Environment Variables:
JAVA_HOME=C:\Program Files\Java\jdk-17
PATH=C:\Program Files\Common Files\Oracle\Java\javapath;C:\Program Files (x86)\Common Files\Oracle\Java\javapath;C:\Windows\system32;C:\Windows;C:\Windows\System32\Wbem;C:\Windows\System32\WindowsPowerShell\v1.0\;C:\Windows\System32\OpenSSH\;C:\Program Files\Git\cmd;C:\Users\Administrador\.console-ninja\.bin;C:\Program Files\MySQL\MySQL Shell 8.0\bin\;C:\Users\Administrador\AppData\Local\Microsoft\WindowsApps;;C:\Users\Administrador\AppData\Local\Programs\Microsoft VS Code\bin
USERNAME=Administrador
OS=Windows_NT
PROCESSOR_IDENTIFIER=Intel64 Family 6 Model 42 Stepping 7, GenuineIntel



---------------  S Y S T E M  ---------------

OS:
 Windows 10 , 64 bit Build 19041 (10.0.19041.3570)
OS uptime: 1 days 21:06 hours

CPU: total 4 (initial active 4) (2 cores per cpu, 2 threads per core) family 6 model 42 stepping 7 microcode 0x2f, cx8, cmov, fxsr, ht, mmx, sse, sse2, sse3, ssse3, sse4.1, sse4.2, popcnt, tsc, tscinvbit, avx, clmul, vzeroupper, clflush

Memory: 4k page, system-wide physical 7891M (746M free)
TotalPageFile size 9773M (AvailPageFile size 2M)
current process WorkingSet (physical memory assigned to process): 162M, peak: 180M
current process commit charge ("private bytes"): 186M, peak: 253M

vm_info: Java HotSpot(TM) 64-Bit Server VM (17.0.9+11-LTS-201) for windows-amd64 JRE (17.0.9+11-LTS-201), built on Oct 10 2023 23:16:06 by "mach5one" with MS VC++ 17.1 (VS2022)

END.
