#
# There is insufficient memory for the Java Runtime Environment to continue.
# Native memory allocation (malloc) failed to allocate 1433136 bytes for Chunk::new
# Possible reasons:
#   The system is out of physical RAM or swap space
#   The process is running with CompressedOops enabled, and the Java Heap may be blocking the growth of the native heap
# Possible solutions:
#   Reduce memory load on the system
#   Increase physical memory or swap space
#   Check if swap backing store is full
#   Decrease Java heap size (-Xmx/-Xms)
#   Decrease number of Java threads
#   Decrease Java thread stack sizes (-Xss)
#   Set larger code cache with -XX:ReservedCodeCacheSize=
#   JVM is running with Unscaled Compressed Oops mode in which the Java heap is
#     placed in the first 4GB address space. The Java Heap base address is the
#     maximum limit for the native heap growth. Please use -XX:HeapBaseMinAddress
#     to set the Java Heap base and to place the Java Heap above 4GB virtual address.
# This output file may be truncated or incomplete.
#
#  Out of Memory Error (arena.cpp:189), pid=10688, tid=15292
#
# JRE version: Java(TM) SE Runtime Environment (17.0.9+11) (build 17.0.9+11-LTS-201)
# Java VM: Java HotSpot(TM) 64-Bit Server VM (17.0.9+11-LTS-201, mixed mode, sharing, tiered, compressed oops, compressed class ptrs, g1 gc, windows-amd64)
# No core dump will be written. Minidumps are not enabled by default on client versions of Windows
#

---------------  S U M M A R Y ------------

Command Line: -Dclassworlds.conf=C:\Program Files\NetBeans-19\netbeans\java\maven\bin\m2.conf -Dmaven.home=C:\Program Files\NetBeans-19\netbeans\java\maven -Dlibrary.jansi.path=C:\Program Files\NetBeans-19\netbeans\java\maven\lib\jansi-native -Dmaven.multiModuleProjectDirectory=C:\Users\Administrador\Documents\NetBeansProjects\OradorApp org.codehaus.plexus.classworlds.launcher.Launcher -Dnetbeans.deploy=true -Dnetbeans.deploy.clientUrlPart=/index.jsp -Dmaven.ext.class.path=C:\Program Files\NetBeans-19\netbeans\java\maven-nblib\netbeans-eventspy.jar --no-transfer-progress package

Host: Intel(R) Core(TM) i3-2370M CPU @ 2.40GHz, 4 cores, 7G,  Windows 10 , 64 bit Build 19041 (10.0.19041.3570)
Time: Thu Nov 30 21:21:26 2023 Hora estándar de Argentina elapsed time: 3.845399 seconds (0d 0h 0m 3s)

---------------  T H R E A D  ---------------

Current thread (0x000001e941c5a4d0):  JavaThread "C2 CompilerThread0" daemon [_thread_in_native, id=15292, stack(0x000000d00dd00000,0x000000d00de00000)]


Current CompileTask:
C2:   3845 1824   !   4       java.net.URL::<init> (543 bytes)

Stack: [0x000000d00dd00000,0x000000d00de00000]
Native frames: (J=compiled Java code, j=interpreted, Vv=VM code, C=native code)
V  [jvm.dll+0x678a4a]
V  [jvm.dll+0x7d9cfd]
V  [jvm.dll+0x7db60e]
V  [jvm.dll+0x7dbc73]
V  [jvm.dll+0x245e1f]
V  [jvm.dll+0xaaafb]
V  [jvm.dll+0xab09c]
V  [jvm.dll+0x36232f]
V  [jvm.dll+0x32ca01]
V  [jvm.dll+0x32be9a]
V  [jvm.dll+0x21812f]
V  [jvm.dll+0x217561]
V  [jvm.dll+0x1a3bc0]
V  [jvm.dll+0x2272de]
V  [jvm.dll+0x22548b]
V  [jvm.dll+0x78f58c]
V  [jvm.dll+0x78998a]
V  [jvm.dll+0x677875]
C  [ucrtbase.dll+0x21bb2]
C  [KERNEL32.DLL+0x17344]
C  [ntdll.dll+0x526b1]


---------------  P R O C E S S  ---------------

Threads class SMR info:
_java_thread_list=0x000001e9880a3dd0, length=13, elements={
0x000001e9245a7250, 0x000001e941c36720, 0x000001e941c373a0, 0x000001e941c4dcc0,
0x000001e941c4f690, 0x000001e941c50e00, 0x000001e941c554b0, 0x000001e941c5a4d0,
0x000001e941c5b720, 0x000001e941c559c0, 0x000001e941c55ed0, 0x000001e941c58240,
0x000001e987e49a20
}

Java Threads: ( => current thread )
  0x000001e9245a7250 JavaThread "main" [_thread_in_native, id=9580, stack(0x000000d00d000000,0x000000d00d100000)]
  0x000001e941c36720 JavaThread "Reference Handler" daemon [_thread_blocked, id=15252, stack(0x000000d00d700000,0x000000d00d800000)]
  0x000001e941c373a0 JavaThread "Finalizer" daemon [_thread_blocked, id=7544, stack(0x000000d00d800000,0x000000d00d900000)]
  0x000001e941c4dcc0 JavaThread "Signal Dispatcher" daemon [_thread_blocked, id=8548, stack(0x000000d00d900000,0x000000d00da00000)]
  0x000001e941c4f690 JavaThread "Attach Listener" daemon [_thread_blocked, id=12352, stack(0x000000d00da00000,0x000000d00db00000)]
  0x000001e941c50e00 JavaThread "Service Thread" daemon [_thread_blocked, id=14900, stack(0x000000d00db00000,0x000000d00dc00000)]
  0x000001e941c554b0 JavaThread "Monitor Deflation Thread" daemon [_thread_blocked, id=15052, stack(0x000000d00dc00000,0x000000d00dd00000)]
=>0x000001e941c5a4d0 JavaThread "C2 CompilerThread0" daemon [_thread_in_native, id=15292, stack(0x000000d00dd00000,0x000000d00de00000)]
  0x000001e941c5b720 JavaThread "C1 CompilerThread0" daemon [_thread_blocked, id=8288, stack(0x000000d00de00000,0x000000d00df00000)]
  0x000001e941c559c0 JavaThread "Sweeper thread" daemon [_thread_blocked, id=228, stack(0x000000d00df00000,0x000000d00e000000)]
  0x000001e941c55ed0 JavaThread "Notification Thread" daemon [_thread_blocked, id=13416, stack(0x000000d00e000000,0x000000d00e100000)]
  0x000001e941c58240 JavaThread "Common-Cleaner" daemon [_thread_blocked, id=14444, stack(0x000000d00e200000,0x000000d00e300000)]
  0x000001e987e49a20 JavaThread "C2 CompilerThread1" daemon [_thread_in_native, id=6492, stack(0x000000d00e600000,0x000000d00e700000)]

Other Threads:
  0x000001e941c2f460 VMThread "VM Thread" [stack: 0x000000d00d600000,0x000000d00d700000] [id=14656]
  0x000001e924618a60 WatcherThread [stack: 0x000000d00e100000,0x000000d00e200000] [id=2872]
  0x000001e9245ff380 GCTaskThread "GC Thread#0" [stack: 0x000000d00d100000,0x000000d00d200000] [id=2564]
  0x000001e98756aa60 GCTaskThread "GC Thread#1" [stack: 0x000000d00e300000,0x000000d00e400000] [id=14984]
  0x000001e98714d850 GCTaskThread "GC Thread#2" [stack: 0x000000d00e400000,0x000000d00e500000] [id=240]
  0x000001e98796c340 GCTaskThread "GC Thread#3" [stack: 0x000000d00e500000,0x000000d00e600000] [id=14244]
  0x000001e9246109a0 ConcurrentGCThread "G1 Main Marker" [stack: 0x000000d00d200000,0x000000d00d300000] [id=9252]
  0x000001e924611b50 ConcurrentGCThread "G1 Conc#0" [stack: 0x000000d00d300000,0x000000d00d400000] [id=14472]
  0x000001e92467a950 ConcurrentGCThread "G1 Refine#0" [stack: 0x000000d00d400000,0x000000d00d500000] [id=11492]
  0x000001e92467d290 ConcurrentGCThread "G1 Service" [stack: 0x000000d00d500000,0x000000d00d600000] [id=2240]

Threads with active compile tasks:
C2 CompilerThread0     4606 1824   !   4       java.net.URL::<init> (543 bytes)
C2 CompilerThread1     4606 2465   !   4       java.lang.reflect.Field::declaredAnnotations (82 bytes)

VM state: not at safepoint (normal execution)

VM Mutex/Monitor currently owned by a thread: None

Heap address: 0x0000000084a00000, size: 1974 MB, Compressed Oops mode: 32-bit

CDS archive(s) mapped at: [0x000001e942000000-0x000001e942bd0000-0x000001e942bd0000), size 12386304, SharedBaseAddress: 0x000001e942000000, ArchiveRelocationMode: 1.
Compressed class space mapped at: 0x000001e943000000-0x000001e983000000, reserved size: 1073741824
Narrow klass base: 0x000001e942000000, Narrow klass shift: 0, Narrow klass range: 0x100000000

GC Precious Log:
 CPUs: 4 total, 4 available
 Memory: 7891M
 Large Page Support: Disabled
 NUMA Support: Disabled
 Compressed Oops: Enabled (32-bit)
 Heap Region Size: 1M
 Heap Min Capacity: 8M
 Heap Initial Capacity: 124M
 Heap Max Capacity: 1974M
 Pre-touch: Disabled
 Parallel Workers: 4
 Concurrent Workers: 1
 Concurrent Refinement Workers: 4
 Periodic GC: Disabled

Heap:
 garbage-first heap   total 126976K, used 24012K [0x0000000084a00000, 0x0000000100000000)
  region size 1024K, 22 young (22528K), 3 survivors (3072K)
 Metaspace       used 13474K, committed 13632K, reserved 1114112K
  class space    used 1666K, committed 1728K, reserved 1048576K

Heap Regions: E=young(eden), S=young(survivor), O=old, HS=humongous(starts), HC=humongous(continues), CS=collection set, F=free, OA=open archive, CA=closed archive, TAMS=top-at-mark-start (previous, next)
|   0|0x0000000084a00000, 0x0000000084b00000, 0x0000000084b00000|100%| O|  |TAMS 0x0000000084a00000, 0x0000000084a00000| Untracked 
|   1|0x0000000084b00000, 0x0000000084c00000, 0x0000000084c00000|100%| O|  |TAMS 0x0000000084b00000, 0x0000000084b00000| Untracked 
|   2|0x0000000084c00000, 0x0000000084d00000, 0x0000000084d00000|100%| O|  |TAMS 0x0000000084c00000, 0x0000000084c00000| Untracked 
|   3|0x0000000084d00000, 0x0000000084d3b600, 0x0000000084e00000| 23%| O|  |TAMS 0x0000000084d00000, 0x0000000084d00000| Untracked 
|   4|0x0000000084e00000, 0x0000000084e00000, 0x0000000084f00000|  0%| F|  |TAMS 0x0000000084e00000, 0x0000000084e00000| Untracked 
|   5|0x0000000084f00000, 0x0000000084f00000, 0x0000000085000000|  0%| F|  |TAMS 0x0000000084f00000, 0x0000000084f00000| Untracked 
|   6|0x0000000085000000, 0x0000000085000000, 0x0000000085100000|  0%| F|  |TAMS 0x0000000085000000, 0x0000000085000000| Untracked 
|   7|0x0000000085100000, 0x0000000085100000, 0x0000000085200000|  0%| F|  |TAMS 0x0000000085100000, 0x0000000085100000| Untracked 
|   8|0x0000000085200000, 0x0000000085200000, 0x0000000085300000|  0%| F|  |TAMS 0x0000000085200000, 0x0000000085200000| Untracked 
|   9|0x0000000085300000, 0x0000000085300000, 0x0000000085400000|  0%| F|  |TAMS 0x0000000085300000, 0x0000000085300000| Untracked 
|  10|0x0000000085400000, 0x0000000085400000, 0x0000000085500000|  0%| F|  |TAMS 0x0000000085400000, 0x0000000085400000| Untracked 
|  11|0x0000000085500000, 0x0000000085500000, 0x0000000085600000|  0%| F|  |TAMS 0x0000000085500000, 0x0000000085500000| Untracked 
|  12|0x0000000085600000, 0x0000000085600000, 0x0000000085700000|  0%| F|  |TAMS 0x0000000085600000, 0x0000000085600000| Untracked 
|  13|0x0000000085700000, 0x0000000085700000, 0x0000000085800000|  0%| F|  |TAMS 0x0000000085700000, 0x0000000085700000| Untracked 
|  14|0x0000000085800000, 0x0000000085800000, 0x0000000085900000|  0%| F|  |TAMS 0x0000000085800000, 0x0000000085800000| Untracked 
|  15|0x0000000085900000, 0x0000000085900000, 0x0000000085a00000|  0%| F|  |TAMS 0x0000000085900000, 0x0000000085900000| Untracked 
|  16|0x0000000085a00000, 0x0000000085a00000, 0x0000000085b00000|  0%| F|  |TAMS 0x0000000085a00000, 0x0000000085a00000| Untracked 
|  17|0x0000000085b00000, 0x0000000085b00000, 0x0000000085c00000|  0%| F|  |TAMS 0x0000000085b00000, 0x0000000085b00000| Untracked 
|  18|0x0000000085c00000, 0x0000000085c00000, 0x0000000085d00000|  0%| F|  |TAMS 0x0000000085c00000, 0x0000000085c00000| Untracked 
|  19|0x0000000085d00000, 0x0000000085d00000, 0x0000000085e00000|  0%| F|  |TAMS 0x0000000085d00000, 0x0000000085d00000| Untracked 
|  20|0x0000000085e00000, 0x0000000085e00000, 0x0000000085f00000|  0%| F|  |TAMS 0x0000000085e00000, 0x0000000085e00000| Untracked 
|  21|0x0000000085f00000, 0x0000000085f00000, 0x0000000086000000|  0%| F|  |TAMS 0x0000000085f00000, 0x0000000085f00000| Untracked 
|  22|0x0000000086000000, 0x0000000086000000, 0x0000000086100000|  0%| F|  |TAMS 0x0000000086000000, 0x0000000086000000| Untracked 
|  23|0x0000000086100000, 0x0000000086100000, 0x0000000086200000|  0%| F|  |TAMS 0x0000000086100000, 0x0000000086100000| Untracked 
|  24|0x0000000086200000, 0x0000000086200000, 0x0000000086300000|  0%| F|  |TAMS 0x0000000086200000, 0x0000000086200000| Untracked 
|  25|0x0000000086300000, 0x0000000086300000, 0x0000000086400000|  0%| F|  |TAMS 0x0000000086300000, 0x0000000086300000| Untracked 
|  26|0x0000000086400000, 0x0000000086400000, 0x0000000086500000|  0%| F|  |TAMS 0x0000000086400000, 0x0000000086400000| Untracked 
|  27|0x0000000086500000, 0x0000000086500000, 0x0000000086600000|  0%| F|  |TAMS 0x0000000086500000, 0x0000000086500000| Untracked 
|  28|0x0000000086600000, 0x0000000086600000, 0x0000000086700000|  0%| F|  |TAMS 0x0000000086600000, 0x0000000086600000| Untracked 
|  29|0x0000000086700000, 0x0000000086700000, 0x0000000086800000|  0%| F|  |TAMS 0x0000000086700000, 0x0000000086700000| Untracked 
|  30|0x0000000086800000, 0x0000000086800000, 0x0000000086900000|  0%| F|  |TAMS 0x0000000086800000, 0x0000000086800000| Untracked 
|  31|0x0000000086900000, 0x0000000086900000, 0x0000000086a00000|  0%| F|  |TAMS 0x0000000086900000, 0x0000000086900000| Untracked 
|  32|0x0000000086a00000, 0x0000000086a00000, 0x0000000086b00000|  0%| F|  |TAMS 0x0000000086a00000, 0x0000000086a00000| Untracked 
|  33|0x0000000086b00000, 0x0000000086b00000, 0x0000000086c00000|  0%| F|  |TAMS 0x0000000086b00000, 0x0000000086b00000| Untracked 
|  34|0x0000000086c00000, 0x0000000086c00000, 0x0000000086d00000|  0%| F|  |TAMS 0x0000000086c00000, 0x0000000086c00000| Untracked 
|  35|0x0000000086d00000, 0x0000000086d00000, 0x0000000086e00000|  0%| F|  |TAMS 0x0000000086d00000, 0x0000000086d00000| Untracked 
|  36|0x0000000086e00000, 0x0000000086e00000, 0x0000000086f00000|  0%| F|  |TAMS 0x0000000086e00000, 0x0000000086e00000| Untracked 
|  37|0x0000000086f00000, 0x0000000086f00000, 0x0000000087000000|  0%| F|  |TAMS 0x0000000086f00000, 0x0000000086f00000| Untracked 
|  38|0x0000000087000000, 0x0000000087000000, 0x0000000087100000|  0%| F|  |TAMS 0x0000000087000000, 0x0000000087000000| Untracked 
|  39|0x0000000087100000, 0x0000000087100000, 0x0000000087200000|  0%| F|  |TAMS 0x0000000087100000, 0x0000000087100000| Untracked 
|  40|0x0000000087200000, 0x0000000087200000, 0x0000000087300000|  0%| F|  |TAMS 0x0000000087200000, 0x0000000087200000| Untracked 
|  41|0x0000000087300000, 0x0000000087300000, 0x0000000087400000|  0%| F|  |TAMS 0x0000000087300000, 0x0000000087300000| Untracked 
|  42|0x0000000087400000, 0x0000000087400000, 0x0000000087500000|  0%| F|  |TAMS 0x0000000087400000, 0x0000000087400000| Untracked 
|  43|0x0000000087500000, 0x0000000087500000, 0x0000000087600000|  0%| F|  |TAMS 0x0000000087500000, 0x0000000087500000| Untracked 
|  44|0x0000000087600000, 0x0000000087600000, 0x0000000087700000|  0%| F|  |TAMS 0x0000000087600000, 0x0000000087600000| Untracked 
|  45|0x0000000087700000, 0x0000000087700000, 0x0000000087800000|  0%| F|  |TAMS 0x0000000087700000, 0x0000000087700000| Untracked 
|  46|0x0000000087800000, 0x0000000087800000, 0x0000000087900000|  0%| F|  |TAMS 0x0000000087800000, 0x0000000087800000| Untracked 
|  47|0x0000000087900000, 0x0000000087900000, 0x0000000087a00000|  0%| F|  |TAMS 0x0000000087900000, 0x0000000087900000| Untracked 
|  48|0x0000000087a00000, 0x0000000087a00000, 0x0000000087b00000|  0%| F|  |TAMS 0x0000000087a00000, 0x0000000087a00000| Untracked 
|  49|0x0000000087b00000, 0x0000000087b00000, 0x0000000087c00000|  0%| F|  |TAMS 0x0000000087b00000, 0x0000000087b00000| Untracked 
|  50|0x0000000087c00000, 0x0000000087c00000, 0x0000000087d00000|  0%| F|  |TAMS 0x0000000087c00000, 0x0000000087c00000| Untracked 
|  51|0x0000000087d00000, 0x0000000087d00000, 0x0000000087e00000|  0%| F|  |TAMS 0x0000000087d00000, 0x0000000087d00000| Untracked 
|  52|0x0000000087e00000, 0x0000000087e00000, 0x0000000087f00000|  0%| F|  |TAMS 0x0000000087e00000, 0x0000000087e00000| Untracked 
|  53|0x0000000087f00000, 0x0000000087f00000, 0x0000000088000000|  0%| F|  |TAMS 0x0000000087f00000, 0x0000000087f00000| Untracked 
|  54|0x0000000088000000, 0x0000000088000000, 0x0000000088100000|  0%| F|  |TAMS 0x0000000088000000, 0x0000000088000000| Untracked 
|  55|0x0000000088100000, 0x0000000088100000, 0x0000000088200000|  0%| F|  |TAMS 0x0000000088100000, 0x0000000088100000| Untracked 
|  56|0x0000000088200000, 0x0000000088200000, 0x0000000088300000|  0%| F|  |TAMS 0x0000000088200000, 0x0000000088200000| Untracked 
|  57|0x0000000088300000, 0x0000000088300000, 0x0000000088400000|  0%| F|  |TAMS 0x0000000088300000, 0x0000000088300000| Untracked 
|  58|0x0000000088400000, 0x0000000088400000, 0x0000000088500000|  0%| F|  |TAMS 0x0000000088400000, 0x0000000088400000| Untracked 
|  59|0x0000000088500000, 0x0000000088500000, 0x0000000088600000|  0%| F|  |TAMS 0x0000000088500000, 0x0000000088500000| Untracked 
|  60|0x0000000088600000, 0x0000000088600000, 0x0000000088700000|  0%| F|  |TAMS 0x0000000088600000, 0x0000000088600000| Untracked 
|  61|0x0000000088700000, 0x0000000088700000, 0x0000000088800000|  0%| F|  |TAMS 0x0000000088700000, 0x0000000088700000| Untracked 
|  62|0x0000000088800000, 0x0000000088800000, 0x0000000088900000|  0%| F|  |TAMS 0x0000000088800000, 0x0000000088800000| Untracked 
|  63|0x0000000088900000, 0x0000000088900000, 0x0000000088a00000|  0%| F|  |TAMS 0x0000000088900000, 0x0000000088900000| Untracked 
|  64|0x0000000088a00000, 0x0000000088a00000, 0x0000000088b00000|  0%| F|  |TAMS 0x0000000088a00000, 0x0000000088a00000| Untracked 
|  65|0x0000000088b00000, 0x0000000088b00000, 0x0000000088c00000|  0%| F|  |TAMS 0x0000000088b00000, 0x0000000088b00000| Untracked 
|  66|0x0000000088c00000, 0x0000000088c00000, 0x0000000088d00000|  0%| F|  |TAMS 0x0000000088c00000, 0x0000000088c00000| Untracked 
|  67|0x0000000088d00000, 0x0000000088d00000, 0x0000000088e00000|  0%| F|  |TAMS 0x0000000088d00000, 0x0000000088d00000| Untracked 
|  68|0x0000000088e00000, 0x0000000088e00000, 0x0000000088f00000|  0%| F|  |TAMS 0x0000000088e00000, 0x0000000088e00000| Untracked 
|  69|0x0000000088f00000, 0x0000000088f00000, 0x0000000089000000|  0%| F|  |TAMS 0x0000000088f00000, 0x0000000088f00000| Untracked 
|  70|0x0000000089000000, 0x0000000089000000, 0x0000000089100000|  0%| F|  |TAMS 0x0000000089000000, 0x0000000089000000| Untracked 
|  71|0x0000000089100000, 0x0000000089100000, 0x0000000089200000|  0%| F|  |TAMS 0x0000000089100000, 0x0000000089100000| Untracked 
|  72|0x0000000089200000, 0x0000000089200000, 0x0000000089300000|  0%| F|  |TAMS 0x0000000089200000, 0x0000000089200000| Untracked 
|  73|0x0000000089300000, 0x0000000089300000, 0x0000000089400000|  0%| F|  |TAMS 0x0000000089300000, 0x0000000089300000| Untracked 
|  74|0x0000000089400000, 0x0000000089400000, 0x0000000089500000|  0%| F|  |TAMS 0x0000000089400000, 0x0000000089400000| Untracked 
|  75|0x0000000089500000, 0x0000000089500000, 0x0000000089600000|  0%| F|  |TAMS 0x0000000089500000, 0x0000000089500000| Untracked 
|  76|0x0000000089600000, 0x0000000089600000, 0x0000000089700000|  0%| F|  |TAMS 0x0000000089600000, 0x0000000089600000| Untracked 
|  77|0x0000000089700000, 0x0000000089700000, 0x0000000089800000|  0%| F|  |TAMS 0x0000000089700000, 0x0000000089700000| Untracked 
|  78|0x0000000089800000, 0x0000000089800000, 0x0000000089900000|  0%| F|  |TAMS 0x0000000089800000, 0x0000000089800000| Untracked 
|  79|0x0000000089900000, 0x0000000089900000, 0x0000000089a00000|  0%| F|  |TAMS 0x0000000089900000, 0x0000000089900000| Untracked 
|  80|0x0000000089a00000, 0x0000000089a00000, 0x0000000089b00000|  0%| F|  |TAMS 0x0000000089a00000, 0x0000000089a00000| Untracked 
|  81|0x0000000089b00000, 0x0000000089b00000, 0x0000000089c00000|  0%| F|  |TAMS 0x0000000089b00000, 0x0000000089b00000| Untracked 
|  82|0x0000000089c00000, 0x0000000089c00000, 0x0000000089d00000|  0%| F|  |TAMS 0x0000000089c00000, 0x0000000089c00000| Untracked 
|  83|0x0000000089d00000, 0x0000000089d00000, 0x0000000089e00000|  0%| F|  |TAMS 0x0000000089d00000, 0x0000000089d00000| Untracked 
|  84|0x0000000089e00000, 0x0000000089e00000, 0x0000000089f00000|  0%| F|  |TAMS 0x0000000089e00000, 0x0000000089e00000| Untracked 
|  85|0x0000000089f00000, 0x0000000089f00000, 0x000000008a000000|  0%| F|  |TAMS 0x0000000089f00000, 0x0000000089f00000| Untracked 
|  86|0x000000008a000000, 0x000000008a000000, 0x000000008a100000|  0%| F|  |TAMS 0x000000008a000000, 0x000000008a000000| Untracked 
|  87|0x000000008a100000, 0x000000008a100000, 0x000000008a200000|  0%| F|  |TAMS 0x000000008a100000, 0x000000008a100000| Untracked 
|  88|0x000000008a200000, 0x000000008a200000, 0x000000008a300000|  0%| F|  |TAMS 0x000000008a200000, 0x000000008a200000| Untracked 
|  89|0x000000008a300000, 0x000000008a300000, 0x000000008a400000|  0%| F|  |TAMS 0x000000008a300000, 0x000000008a300000| Untracked 
|  90|0x000000008a400000, 0x000000008a400000, 0x000000008a500000|  0%| F|  |TAMS 0x000000008a400000, 0x000000008a400000| Untracked 
|  91|0x000000008a500000, 0x000000008a500000, 0x000000008a600000|  0%| F|  |TAMS 0x000000008a500000, 0x000000008a500000| Untracked 
|  92|0x000000008a600000, 0x000000008a637d60, 0x000000008a700000| 21%| S|CS|TAMS 0x000000008a600000, 0x000000008a600000| Complete 
|  93|0x000000008a700000, 0x000000008a800000, 0x000000008a800000|100%| S|CS|TAMS 0x000000008a700000, 0x000000008a700000| Complete 
|  94|0x000000008a800000, 0x000000008a900000, 0x000000008a900000|100%| S|CS|TAMS 0x000000008a800000, 0x000000008a800000| Complete 
|  95|0x000000008a900000, 0x000000008a900000, 0x000000008aa00000|  0%| F|  |TAMS 0x000000008a900000, 0x000000008a900000| Untracked 
|  96|0x000000008aa00000, 0x000000008aa00000, 0x000000008ab00000|  0%| F|  |TAMS 0x000000008aa00000, 0x000000008aa00000| Untracked 
|  97|0x000000008ab00000, 0x000000008ab00000, 0x000000008ac00000|  0%| F|  |TAMS 0x000000008ab00000, 0x000000008ab00000| Untracked 
|  98|0x000000008ac00000, 0x000000008ac00000, 0x000000008ad00000|  0%| F|  |TAMS 0x000000008ac00000, 0x000000008ac00000| Untracked 
|  99|0x000000008ad00000, 0x000000008ad00000, 0x000000008ae00000|  0%| F|  |TAMS 0x000000008ad00000, 0x000000008ad00000| Untracked 
| 100|0x000000008ae00000, 0x000000008ae00000, 0x000000008af00000|  0%| F|  |TAMS 0x000000008ae00000, 0x000000008ae00000| Untracked 
| 101|0x000000008af00000, 0x000000008af00000, 0x000000008b000000|  0%| F|  |TAMS 0x000000008af00000, 0x000000008af00000| Untracked 
| 102|0x000000008b000000, 0x000000008b000000, 0x000000008b100000|  0%| F|  |TAMS 0x000000008b000000, 0x000000008b000000| Untracked 
| 103|0x000000008b100000, 0x000000008b100000, 0x000000008b200000|  0%| F|  |TAMS 0x000000008b100000, 0x000000008b100000| Untracked 
| 104|0x000000008b200000, 0x000000008b200000, 0x000000008b300000|  0%| F|  |TAMS 0x000000008b200000, 0x000000008b200000| Untracked 
| 105|0x000000008b300000, 0x000000008b400000, 0x000000008b400000|100%| E|  |TAMS 0x000000008b300000, 0x000000008b300000| Complete 
| 106|0x000000008b400000, 0x000000008b500000, 0x000000008b500000|100%| E|CS|TAMS 0x000000008b400000, 0x000000008b400000| Complete 
| 107|0x000000008b500000, 0x000000008b600000, 0x000000008b600000|100%| E|CS|TAMS 0x000000008b500000, 0x000000008b500000| Complete 
| 108|0x000000008b600000, 0x000000008b700000, 0x000000008b700000|100%| E|CS|TAMS 0x000000008b600000, 0x000000008b600000| Complete 
| 109|0x000000008b700000, 0x000000008b800000, 0x000000008b800000|100%| E|CS|TAMS 0x000000008b700000, 0x000000008b700000| Complete 
| 110|0x000000008b800000, 0x000000008b900000, 0x000000008b900000|100%| E|CS|TAMS 0x000000008b800000, 0x000000008b800000| Complete 
| 111|0x000000008b900000, 0x000000008ba00000, 0x000000008ba00000|100%| E|CS|TAMS 0x000000008b900000, 0x000000008b900000| Complete 
| 112|0x000000008ba00000, 0x000000008bb00000, 0x000000008bb00000|100%| E|CS|TAMS 0x000000008ba00000, 0x000000008ba00000| Complete 
| 113|0x000000008bb00000, 0x000000008bc00000, 0x000000008bc00000|100%| E|CS|TAMS 0x000000008bb00000, 0x000000008bb00000| Complete 
| 114|0x000000008bc00000, 0x000000008bd00000, 0x000000008bd00000|100%| E|CS|TAMS 0x000000008bc00000, 0x000000008bc00000| Complete 
| 115|0x000000008bd00000, 0x000000008be00000, 0x000000008be00000|100%| E|CS|TAMS 0x000000008bd00000, 0x000000008bd00000| Complete 
| 116|0x000000008be00000, 0x000000008bf00000, 0x000000008bf00000|100%| E|CS|TAMS 0x000000008be00000, 0x000000008be00000| Complete 
| 117|0x000000008bf00000, 0x000000008c000000, 0x000000008c000000|100%| E|CS|TAMS 0x000000008bf00000, 0x000000008bf00000| Complete 
| 118|0x000000008c000000, 0x000000008c100000, 0x000000008c100000|100%| E|CS|TAMS 0x000000008c000000, 0x000000008c000000| Complete 
| 119|0x000000008c100000, 0x000000008c200000, 0x000000008c200000|100%| E|CS|TAMS 0x000000008c100000, 0x000000008c100000| Complete 
| 120|0x000000008c200000, 0x000000008c300000, 0x000000008c300000|100%| E|CS|TAMS 0x000000008c200000, 0x000000008c200000| Complete 
| 121|0x000000008c300000, 0x000000008c400000, 0x000000008c400000|100%| E|CS|TAMS 0x000000008c300000, 0x000000008c300000| Complete 
| 122|0x000000008c400000, 0x000000008c500000, 0x000000008c500000|100%| E|CS|TAMS 0x000000008c400000, 0x000000008c400000| Complete 
| 123|0x000000008c500000, 0x000000008c600000, 0x000000008c600000|100%| E|CS|TAMS 0x000000008c500000, 0x000000008c500000| Complete 

Card table byte_map: [0x000001e93b230000,0x000001e93b610000] _byte_map_base: 0x000001e93ae0b000

Marking Bits (Prev, Next): (CMBitMap*) 0x000001e9245ff9a0, (CMBitMap*) 0x000001e9245ff9e0
 Prev Bits: [0x000001e93b9f0000, 0x000001e93d8c8000)
 Next Bits: [0x000001e93d8d0000, 0x000001e93f7a8000)

Polling page: 0x000001e922460000

Metaspace:

Usage:
  Non-class:     11.54 MB used.
      Class:      1.63 MB used.
       Both:     13.16 MB used.

Virtual space:
  Non-class space:       64.00 MB reserved,      11.62 MB ( 18%) committed,  1 nodes.
      Class space:        1.00 GB reserved,       1.69 MB ( <1%) committed,  1 nodes.
             Both:        1.06 GB reserved,      13.31 MB (  1%) committed. 

Chunk freelists:
   Non-Class:  3.39 MB
       Class:  14.11 MB
        Both:  17.50 MB

MaxMetaspaceSize: unlimited
CompressedClassSpaceSize: 1.00 GB
Initial GC threshold: 21.00 MB
Current GC threshold: 21.00 MB
CDS: on
MetaspaceReclaimPolicy: balanced
 - commit_granule_bytes: 65536.
 - commit_granule_words: 8192.
 - virtual_space_node_default_size: 8388608.
 - enlarge_chunks_in_place: 1.
 - new_chunks_are_fully_committed: 0.
 - uncommit_free_chunks: 1.
 - use_allocation_guard: 0.
 - handle_deallocations: 1.


Internal statistics:

num_allocs_failed_limit: 0.
num_arena_births: 74.
num_arena_deaths: 0.
num_vsnodes_births: 2.
num_vsnodes_deaths: 0.
num_space_committed: 213.
num_space_uncommitted: 0.
num_chunks_returned_to_freelist: 0.
num_chunks_taken_from_freelist: 546.
num_chunk_merges: 0.
num_chunk_splits: 368.
num_chunks_enlarged: 300.
num_inconsistent_stats: 0.

CodeHeap 'non-profiled nmethods': size=120000Kb used=821Kb max_used=821Kb free=119178Kb
 bounds [0x000001e933920000, 0x000001e933b90000, 0x000001e93ae50000]
CodeHeap 'profiled nmethods': size=120000Kb used=5077Kb max_used=5077Kb free=114922Kb
 bounds [0x000001e92be50000, 0x000001e92c350000, 0x000001e933380000]
CodeHeap 'non-nmethods': size=5760Kb used=1170Kb max_used=1180Kb free=4589Kb
 bounds [0x000001e933380000, 0x000001e9335f0000, 0x000001e933920000]
 total_blobs=3015 nmethods=2555 adapters=372
 compilation: enabled
              stopped_count=0, restarted_count=0
 full_count=0

Compilation events (20 events):
Event: 3.762 Thread 0x000001e987e49a20 1861       4       java.lang.invoke.MethodType::parameterCount (6 bytes)
Event: 3.763 Thread 0x000001e987e49a20 nmethod 1861 0x000001e9339c6110 code [0x000001e9339c6280, 0x000001e9339c6318]
Event: 3.763 Thread 0x000001e941c5b720 1897       3       com.google.inject.spi.DefaultElementVisitor::visit (6 bytes)
Event: 3.764 Thread 0x000001e941c5b720 nmethod 1897 0x000001e92c1f4110 code [0x000001e92c1f42c0, 0x000001e92c1f4488]
Event: 3.764 Thread 0x000001e941c5b720 1898       3       java.lang.Boolean::valueOf (14 bytes)
Event: 3.764 Thread 0x000001e941c5b720 nmethod 1898 0x000001e92c1f4510 code [0x000001e92c1f46a0, 0x000001e92c1f4818]
Event: 3.764 Thread 0x000001e941c5b720 1899       3       com.google.inject.internal.AbstractProcessor$$Lambda$92/0x000001e943150b80::test (16 bytes)
Event: 3.765 Thread 0x000001e941c5b720 nmethod 1899 0x000001e92c1f4890 code [0x000001e92c1f4aa0, 0x000001e92c1f53b8]
Event: 3.765 Thread 0x000001e941c5b720 1900       3       com.google.inject.internal.AbstractProcessor::lambda$process$0 (28 bytes)
Event: 3.766 Thread 0x000001e941c5b720 nmethod 1900 0x000001e92c1f5610 code [0x000001e92c1f5800, 0x000001e92c1f5f78]
Event: 3.766 Thread 0x000001e941c5b720 1901       3       com.google.inject.internal.Errors::withSource (29 bytes)
Event: 3.766 Thread 0x000001e941c5b720 nmethod 1901 0x000001e92c1f6190 code [0x000001e92c1f6340, 0x000001e92c1f6718]
Event: 3.766 Thread 0x000001e941c5b720 1902       3       com.google.inject.internal.Errors::<init> (23 bytes)
Event: 3.766 Thread 0x000001e941c5b720 nmethod 1902 0x000001e92c1f6810 code [0x000001e92c1f69c0, 0x000001e92c1f6c58]
Event: 3.767 Thread 0x000001e941c5b720 1903       3       com.google.inject.internal.AbstractProcessor::visitOther (6 bytes)
Event: 3.767 Thread 0x000001e941c5b720 nmethod 1903 0x000001e92c1f6d90 code [0x000001e92c1f6f40, 0x000001e92c1f7198]
Event: 3.767 Thread 0x000001e941c5b720 1904       3       com.google.inject.internal.AbstractProcessor::visitOther (5 bytes)
Event: 3.767 Thread 0x000001e941c5b720 nmethod 1904 0x000001e92c1f7290 code [0x000001e92c1f7420, 0x000001e92c1f7598]
Event: 3.773 Thread 0x000001e941c5b720 1905       3       java.lang.ClassLoader::checkName (37 bytes)
Event: 3.775 Thread 0x000001e941c5b720 nmethod 1905 0x000001e92c1f7690 code [0x000001e92c1f78e0, 0x000001e92c1f8318]

GC Heap History (6 events):
Event: 1.455 GC heap before
{Heap before GC invocations=0 (full 0):
 garbage-first heap   total 126976K, used 13312K [0x0000000084a00000, 0x0000000100000000)
  region size 1024K, 13 young (13312K), 0 survivors (0K)
 Metaspace       used 3675K, committed 3840K, reserved 1114112K
  class space    used 402K, committed 448K, reserved 1048576K
}
Event: 1.464 GC heap after
{Heap after GC invocations=1 (full 0):
 garbage-first heap   total 126976K, used 3300K [0x0000000084a00000, 0x0000000100000000)
  region size 1024K, 2 young (2048K), 2 survivors (2048K)
 Metaspace       used 3675K, committed 3840K, reserved 1114112K
  class space    used 402K, committed 448K, reserved 1048576K
}
Event: 1.908 GC heap before
{Heap before GC invocations=1 (full 0):
 garbage-first heap   total 126976K, used 15588K [0x0000000084a00000, 0x0000000100000000)
  region size 1024K, 14 young (14336K), 2 survivors (2048K)
 Metaspace       used 5546K, committed 5696K, reserved 1114112K
  class space    used 671K, committed 768K, reserved 1048576K
}
Event: 1.916 GC heap after
{Heap after GC invocations=2 (full 0):
 garbage-first heap   total 126976K, used 3913K [0x0000000084a00000, 0x0000000100000000)
  region size 1024K, 1 young (1024K), 1 survivors (1024K)
 Metaspace       used 5546K, committed 5696K, reserved 1114112K
  class space    used 671K, committed 768K, reserved 1048576K
}
Event: 3.513 GC heap before
{Heap before GC invocations=2 (full 0):
 garbage-first heap   total 126976K, used 32585K [0x0000000084a00000, 0x0000000100000000)
  region size 1024K, 29 young (29696K), 1 survivors (1024K)
 Metaspace       used 9980K, committed 10112K, reserved 1114112K
  class space    used 1220K, committed 1280K, reserved 1048576K
}
Event: 3.523 GC heap after
{Heap after GC invocations=3 (full 0):
 garbage-first heap   total 126976K, used 5580K [0x0000000084a00000, 0x0000000100000000)
  region size 1024K, 3 young (3072K), 3 survivors (3072K)
 Metaspace       used 9980K, committed 10112K, reserved 1114112K
  class space    used 1220K, committed 1280K, reserved 1048576K
}

Deoptimization events (20 events):
Event: 3.491 Thread 0x000001e9245a7250 Uncommon trap: trap_request=0xffffffd6 fr.pc=0x000001e9339c1568 relative=0x0000000000000148
Event: 3.491 Thread 0x000001e9245a7250 Uncommon trap: reason=array_check action=maybe_recompile pc=0x000001e9339c1568 method=java.util.stream.Nodes$FixedNodeBuilder.accept(Ljava/lang/Object;)V @ 28 c2
Event: 3.491 Thread 0x000001e9245a7250 DEOPT PACKING pc=0x000001e9339c1568 sp=0x000000d00d0fd9c0
Event: 3.491 Thread 0x000001e9245a7250 DEOPT UNPACKING pc=0x000001e9333d23a3 sp=0x000000d00d0fd970 mode 2
Event: 3.491 Thread 0x000001e9245a7250 Uncommon trap: trap_request=0xffffffd6 fr.pc=0x000001e9339c1568 relative=0x0000000000000148
Event: 3.491 Thread 0x000001e9245a7250 Uncommon trap: reason=array_check action=maybe_recompile pc=0x000001e9339c1568 method=java.util.stream.Nodes$FixedNodeBuilder.accept(Ljava/lang/Object;)V @ 28 c2
Event: 3.491 Thread 0x000001e9245a7250 DEOPT PACKING pc=0x000001e9339c1568 sp=0x000000d00d0fd9c0
Event: 3.491 Thread 0x000001e9245a7250 DEOPT UNPACKING pc=0x000001e9333d23a3 sp=0x000000d00d0fd970 mode 2
Event: 3.491 Thread 0x000001e9245a7250 Uncommon trap: trap_request=0xffffffd6 fr.pc=0x000001e9339c1568 relative=0x0000000000000148
Event: 3.491 Thread 0x000001e9245a7250 Uncommon trap: reason=array_check action=maybe_recompile pc=0x000001e9339c1568 method=java.util.stream.Nodes$FixedNodeBuilder.accept(Ljava/lang/Object;)V @ 28 c2
Event: 3.491 Thread 0x000001e9245a7250 DEOPT PACKING pc=0x000001e9339c1568 sp=0x000000d00d0fd9c0
Event: 3.491 Thread 0x000001e9245a7250 DEOPT UNPACKING pc=0x000001e9333d23a3 sp=0x000000d00d0fd970 mode 2
Event: 3.676 Thread 0x000001e9245a7250 Uncommon trap: trap_request=0xffffff45 fr.pc=0x000001e93395b170 relative=0x0000000000000250
Event: 3.676 Thread 0x000001e9245a7250 Uncommon trap: reason=unstable_if action=reinterpret pc=0x000001e93395b170 method=java.util.concurrent.ConcurrentHashMap.get(Ljava/lang/Object;)Ljava/lang/Object; @ 76 c2
Event: 3.676 Thread 0x000001e9245a7250 DEOPT PACKING pc=0x000001e93395b170 sp=0x000000d00d0faf20
Event: 3.676 Thread 0x000001e9245a7250 DEOPT UNPACKING pc=0x000001e9333d23a3 sp=0x000000d00d0fae98 mode 2
Event: 3.726 Thread 0x000001e9245a7250 Uncommon trap: trap_request=0xffffff45 fr.pc=0x000001e933981154 relative=0x0000000000000134
Event: 3.726 Thread 0x000001e9245a7250 Uncommon trap: reason=unstable_if action=reinterpret pc=0x000001e933981154 method=java.lang.ClassLoader.checkName(Ljava/lang/String;)Z @ 1 c2
Event: 3.726 Thread 0x000001e9245a7250 DEOPT PACKING pc=0x000001e933981154 sp=0x000000d00d0fd5d0
Event: 3.726 Thread 0x000001e9245a7250 DEOPT UNPACKING pc=0x000001e9333d23a3 sp=0x000000d00d0fd568 mode 2

Classes unloaded (0 events):
No events

Classes redefined (0 events):
No events

Internal exceptions (20 events):
Event: 0.962 Thread 0x000001e9245a7250 Exception <a 'sun/nio/fs/WindowsException'{0x000000008c16dff8}> (0x000000008c16dff8) 
thrown [s\open\src\hotspot\share\prims\jni.cpp, line 516]
Event: 0.963 Thread 0x000001e9245a7250 Exception <a 'sun/nio/fs/WindowsException'{0x000000008c16e4f8}> (0x000000008c16e4f8) 
thrown [s\open\src\hotspot\share\prims\jni.cpp, line 516]
Event: 0.963 Thread 0x000001e9245a7250 Exception <a 'sun/nio/fs/WindowsException'{0x000000008c16e9b0}> (0x000000008c16e9b0) 
thrown [s\open\src\hotspot\share\prims\jni.cpp, line 516]
Event: 0.991 Thread 0x000001e9245a7250 Exception <a 'java/lang/NoSuchMethodError'{0x000000008c1e9ae8}: 'void java.lang.invoke.DirectMethodHandle$Holder.invokeStatic(java.lang.Object, java.lang.Object, java.lang.Object)'> (0x000000008c1e9ae8) 
thrown [s\open\src\hotspot\share\interpreter\linkResolver.cpp, line 759]
Event: 1.004 Thread 0x000001e9245a7250 Exception <a 'java/lang/NoSuchMethodError'{0x000000008c0462b0}: 'int java.lang.invoke.DirectMethodHandle$Holder.invokeStatic(java.lang.Object, java.lang.Object, int)'> (0x000000008c0462b0) 
thrown [s\open\src\hotspot\share\interpreter\linkResolver.cpp, line 759]
Event: 1.091 Thread 0x000001e9245a7250 Exception <a 'java/lang/NoSuchMethodError'{0x000000008bfbba00}: 'java.lang.Object java.lang.invoke.DirectMethodHandle$Holder.invokeSpecialIFC(java.lang.Object, java.lang.Object, java.lang.Object, java.lang.Object)'> (0x000000008bfbba00) 
thrown [s\open\src\hotspot\share\interpreter\linkResolver.cpp, line 759]
Event: 1.428 Thread 0x000001e9245a7250 Exception <a 'java/lang/NoSuchMethodError'{0x000000008b962a70}: 'void java.lang.invoke.DirectMethodHandle$Holder.invokeSpecial(java.lang.Object, java.lang.Object, java.lang.Object)'> (0x000000008b962a70) 
thrown [s\open\src\hotspot\share\interpreter\linkResolver.cpp, line 759]
Event: 1.493 Thread 0x000001e9245a7250 Exception <a 'java/lang/NoSuchMethodError'{0x000000008c5e1eb8}: 'java.lang.Object java.lang.invoke.DirectMethodHandle$Holder.invokeInterface(java.lang.Object, java.lang.Object)'> (0x000000008c5e1eb8) 
thrown [s\open\src\hotspot\share\interpreter\linkResolver.cpp, line 759]
Event: 1.522 Thread 0x000001e9245a7250 Exception <a 'java/lang/NoSuchMethodError'{0x000000008c488208}: 'java.lang.Object java.lang.invoke.Invokers$Holder.invokeExact_MT(java.lang.Object, java.lang.Object, java.lang.Object, java.lang.Object, java.lang.Object, java.lang.Object)'> (0x000000008c488208) 
thrown [s\open\src\hotspot\share\interpreter\linkResolver.cpp, line 759]
Event: 1.526 Thread 0x000001e9245a7250 Exception <a 'java/lang/NoSuchMethodError'{0x000000008c499ab0}: 'int java.lang.invoke.DirectMethodHandle$Holder.invokeSpecialIFC(java.lang.Object, java.lang.Object, java.lang.Object, java.lang.Object, java.lang.Object)'> (0x000000008c499ab0) 
thrown [s\open\src\hotspot\share\interpreter\linkResolver.cpp, line 759]
Event: 1.627 Thread 0x000001e9245a7250 Exception <a 'java/lang/NoSuchMethodError'{0x000000008c23bb70}: 'java.lang.Object java.lang.invoke.DirectMethodHandle$Holder.newInvokeSpecial(java.lang.Object, java.lang.Object, java.lang.Object, java.lang.Object, java.lang.Object)'> (0x000000008c23bb70) 
thrown [s\open\src\hotspot\share\interpreter\linkResolver.cpp, line 759]
Event: 1.679 Thread 0x000001e9245a7250 Exception <a 'java/lang/NoSuchMethodError'{0x000000008c13c0b0}: 'int java.lang.invoke.DirectMethodHandle$Holder.invokeStaticInit(java.lang.Object, java.lang.Object)'> (0x000000008c13c0b0) 
thrown [s\open\src\hotspot\share\interpreter\linkResolver.cpp, line 759]
Event: 1.697 Thread 0x000001e9245a7250 Exception <a 'java/lang/NoClassDefFoundError'{0x000000008c174070}: javax/enterprise/inject/Typed> (0x000000008c174070) 
thrown [s\open\src\hotspot\share\classfile\systemDictionary.cpp, line 245]
Event: 2.119 Thread 0x000001e9245a7250 Exception <a 'java/lang/NoSuchMethodError'{0x000000008c16eb10}: 'java.lang.Object java.lang.invoke.DirectMethodHandle$Holder.invokeStaticInit(java.lang.Object)'> (0x000000008c16eb10) 
thrown [s\open\src\hotspot\share\interpreter\linkResolver.cpp, line 759]
Event: 3.660 Thread 0x000001e9245a7250 Exception <a 'java/lang/NoSuchMethodError'{0x000000008c4fd010}: 'void java.lang.invoke.DirectMethodHandle$Holder.invokeStaticInit(java.lang.Object, java.lang.Object, java.lang.Object)'> (0x000000008c4fd010) 
thrown [s\open\src\hotspot\share\interpreter\linkResolver.cpp, line 759]
Event: 3.673 Thread 0x000001e9245a7250 Exception <a 'java/lang/ExceptionInInitializerError'{0x000000008c3286a0}> (0x000000008c3286a0) 
thrown [s\open\src\hotspot\share\oops\instanceKlass.cpp, line 1216]
Event: 3.726 Thread 0x000001e9245a7250 Implicit null exception at 0x000001e93398102f to 0x000001e933981144
Event: 3.729 Thread 0x000001e9245a7250 Exception <a 'java/lang/NoSuchMethodError'{0x000000008c236a78}: 'java.lang.Object java.lang.invoke.Invokers$Holder.invokeExact_MT(java.lang.Object, int, java.lang.Object)'> (0x000000008c236a78) 
thrown [s\open\src\hotspot\share\interpreter\linkResolver.cpp, line 759]
Event: 3.747 Thread 0x000001e9245a7250 Exception <a 'java/lang/NoSuchMethodError'{0x000000008c29ace0}: 'void java.lang.invoke.DirectMethodHandle$Holder.invokeStatic(java.lang.Object, java.lang.Object)'> (0x000000008c29ace0) 
thrown [s\open\src\hotspot\share\interpreter\linkResolver.cpp, line 759]
Event: 3.758 Thread 0x000001e9245a7250 Exception <a 'java/lang/NoSuchMethodError'{0x000000008c2aa938}: 'int java.lang.invoke.DirectMethodHandle$Holder.invokeSpecial(java.lang.Object, java.lang.Object, java.lang.Object, java.lang.Object)'> (0x000000008c2aa938) 
thrown [s\open\src\hotspot\share\interpreter\linkResolver.cpp, line 759]

VM Operations (20 events):
Event: 0.931 Executing VM operation: HandshakeAllThreads
Event: 0.931 Executing VM operation: HandshakeAllThreads done
Event: 0.943 Executing VM operation: HandshakeAllThreads
Event: 0.943 Executing VM operation: HandshakeAllThreads done
Event: 1.136 Executing VM operation: HandshakeAllThreads
Event: 1.136 Executing VM operation: HandshakeAllThreads done
Event: 1.455 Executing VM operation: G1CollectForAllocation
Event: 1.464 Executing VM operation: G1CollectForAllocation done
Event: 1.908 Executing VM operation: G1CollectForAllocation
Event: 1.916 Executing VM operation: G1CollectForAllocation done
Event: 2.885 Executing VM operation: HandshakeAllThreads
Event: 2.886 Executing VM operation: HandshakeAllThreads done
Event: 2.941 Executing VM operation: HandshakeAllThreads
Event: 2.941 Executing VM operation: HandshakeAllThreads done
Event: 2.941 Executing VM operation: Cleanup
Event: 2.942 Executing VM operation: Cleanup done
Event: 3.513 Executing VM operation: G1CollectForAllocation
Event: 3.523 Executing VM operation: G1CollectForAllocation done
Event: 3.682 Executing VM operation: HandshakeAllThreads
Event: 3.682 Executing VM operation: HandshakeAllThreads done

Events (20 events):
Event: 3.131 loading class sun/reflect/generics/tree/MethodTypeSignature
Event: 3.131 loading class sun/reflect/generics/tree/MethodTypeSignature done
Event: 3.177 Thread 0x000001e9878b55a0 Thread exited: 0x000001e9878b55a0
Event: 3.297 loading class java/util/concurrent/CompletionService
Event: 3.297 loading class java/util/concurrent/CompletionService done
Event: 3.435 loading class sun/reflect/generics/repository/FieldRepository
Event: 3.435 loading class sun/reflect/generics/repository/FieldRepository done
Event: 3.459 loading class java/io/UncheckedIOException
Event: 3.459 loading class java/io/UncheckedIOException done
Event: 3.484 loading class java/nio/channels/OverlappingFileLockException
Event: 3.485 loading class java/nio/channels/OverlappingFileLockException done
Event: 3.485 loading class java/nio/channels/FileLock
Event: 3.485 loading class java/nio/channels/FileLock done
Event: 3.545 loading class java/nio/file/AccessDeniedException
Event: 3.545 loading class java/nio/file/AccessDeniedException done
Event: 3.667 loading class java/lang/ExceptionInInitializerError
Event: 3.667 loading class java/lang/ExceptionInInitializerError done
Event: 3.676 loading class jdk/internal/vm/annotation/ForceInline
Event: 3.676 loading class jdk/internal/vm/annotation/ForceInline done
Event: 3.746 Thread 0x000001e987e49a20 Thread added: 0x000001e987e49a20


Dynamic libraries:
0x00007ff691320000 - 0x00007ff691330000 	C:\Program Files\Java\jdk-17\bin\java.exe
0x00007ffaed950000 - 0x00007ffaedb47000 	C:\Windows\SYSTEM32\ntdll.dll
0x00007ffac4650000 - 0x00007ffac4669000 	C:\Program Files\Avast Software\Avast\aswhook.dll
0x00007ffaebb80000 - 0x00007ffaebc3d000 	C:\Windows\System32\KERNEL32.DLL
0x00007ffaeb6b0000 - 0x00007ffaeb9a6000 	C:\Windows\System32\KERNELBASE.dll
0x00007ffaeb4d0000 - 0x00007ffaeb5d0000 	C:\Windows\System32\ucrtbase.dll
0x00007ffad72a0000 - 0x00007ffad72bb000 	C:\Program Files\Java\jdk-17\bin\VCRUNTIME140.dll
0x00007ffaccac0000 - 0x00007ffaccad9000 	C:\Program Files\Java\jdk-17\bin\jli.dll
0x00007ffaebc40000 - 0x00007ffaebcee000 	C:\Windows\System32\ADVAPI32.dll
0x00007ffaebd50000 - 0x00007ffaebdee000 	C:\Windows\System32\msvcrt.dll
0x00007ffaec760000 - 0x00007ffaec7fc000 	C:\Windows\System32\sechost.dll
0x00007ffaec4e0000 - 0x00007ffaec606000 	C:\Windows\System32\RPCRT4.dll
0x00007ffaed2c0000 - 0x00007ffaed45e000 	C:\Windows\System32\USER32.dll
0x00007ffadeb80000 - 0x00007ffadee1a000 	C:\Windows\WinSxS\amd64_microsoft.windows.common-controls_6595b64144ccf1df_6.0.19041.3570_none_60bb2a3971f3e41a\COMCTL32.dll
0x00007ffaeb180000 - 0x00007ffaeb1a2000 	C:\Windows\System32\win32u.dll
0x00007ffaed610000 - 0x00007ffaed63c000 	C:\Windows\System32\GDI32.dll
0x00007ffaeb220000 - 0x00007ffaeb33a000 	C:\Windows\System32\gdi32full.dll
0x00007ffaeb0e0000 - 0x00007ffaeb17d000 	C:\Windows\System32\msvcp_win.dll
0x00007ffae37f0000 - 0x00007ffae37fa000 	C:\Windows\SYSTEM32\VERSION.dll
0x00007ffaec610000 - 0x00007ffaec640000 	C:\Windows\System32\IMM32.DLL
0x00007ffae6ec0000 - 0x00007ffae6ecc000 	C:\Program Files\Java\jdk-17\bin\vcruntime140_1.dll
0x00007ffabd440000 - 0x00007ffabd4ce000 	C:\Program Files\Java\jdk-17\bin\msvcp140.dll
0x00007ffa76eb0000 - 0x00007ffa77a91000 	C:\Program Files\Java\jdk-17\bin\server\jvm.dll
0x00007ffaec640000 - 0x00007ffaec648000 	C:\Windows\System32\PSAPI.DLL
0x00007ffadaa10000 - 0x00007ffadaa19000 	C:\Windows\SYSTEM32\WSOCK32.dll
0x00007ffae5130000 - 0x00007ffae5157000 	C:\Windows\SYSTEM32\WINMM.dll
0x00007ffaec260000 - 0x00007ffaec2cb000 	C:\Windows\System32\WS2_32.dll
0x00007ffae8ed0000 - 0x00007ffae8ee2000 	C:\Windows\SYSTEM32\kernel.appcore.dll
0x00007ffadc970000 - 0x00007ffadc97a000 	C:\Program Files\Java\jdk-17\bin\jimage.dll
0x00007ffae0770000 - 0x00007ffae0954000 	C:\Windows\SYSTEM32\DBGHELP.DLL
0x00007ffae0730000 - 0x00007ffae0764000 	C:\Windows\SYSTEM32\dbgcore.DLL
0x00007ffaeb5d0000 - 0x00007ffaeb652000 	C:\Windows\System32\bcryptPrimitives.dll
0x00007ffabd410000 - 0x00007ffabd435000 	C:\Program Files\Java\jdk-17\bin\java.dll
0x00007ffab49c0000 - 0x00007ffab4a97000 	C:\Program Files\Java\jdk-17\bin\jsvml.dll
0x00007ffaecb60000 - 0x00007ffaed2a4000 	C:\Windows\System32\SHELL32.dll
0x00007ffae90d0000 - 0x00007ffae986b000 	C:\Windows\SYSTEM32\windows.storage.dll
0x00007ffaec800000 - 0x00007ffaecb54000 	C:\Windows\System32\combase.dll
0x00007ffaeaa70000 - 0x00007ffaeaa9d000 	C:\Windows\SYSTEM32\Wldp.dll
0x00007ffaed850000 - 0x00007ffaed8fd000 	C:\Windows\System32\SHCORE.dll
0x00007ffaed640000 - 0x00007ffaed695000 	C:\Windows\System32\shlwapi.dll
0x00007ffaeaf60000 - 0x00007ffaeaf85000 	C:\Windows\SYSTEM32\profapi.dll
0x00007ffac1be0000 - 0x00007ffac1bf9000 	C:\Program Files\Java\jdk-17\bin\net.dll
0x00007ffae0960000 - 0x00007ffae0a6a000 	C:\Windows\SYSTEM32\WINHTTP.dll
0x00007ffaea7d0000 - 0x00007ffaea83a000 	C:\Windows\system32\mswsock.dll
0x00007ffac1520000 - 0x00007ffac1536000 	C:\Program Files\Java\jdk-17\bin\nio.dll
0x00007ffac0e50000 - 0x00007ffac0e68000 	C:\Program Files\Java\jdk-17\bin\zip.dll
0x0000000069ac0000 - 0x0000000069ae4000 	C:\Program Files\NetBeans-19\netbeans\java\maven\lib\jansi-native\Windows\x86_64\jansi.dll
0x00007ffadc920000 - 0x00007ffadc930000 	C:\Program Files\Java\jdk-17\bin\verify.dll

dbghelp: loaded successfully - version: 4.0.5 - missing functions: none
symbol engine: initialized successfully - sym options: 0x614 - pdb path: .;C:\Program Files\Java\jdk-17\bin;C:\Windows\SYSTEM32;C:\Program Files\Avast Software\Avast;C:\Windows\WinSxS\amd64_microsoft.windows.common-controls_6595b64144ccf1df_6.0.19041.3570_none_60bb2a3971f3e41a;C:\Program Files\Java\jdk-17\bin\server;C:\Program Files\NetBeans-19\netbeans\java\maven\lib\jansi-native\Windows\x86_64

VM Arguments:
jvm_args: -Dclassworlds.conf=C:\Program Files\NetBeans-19\netbeans\java\maven\bin\m2.conf -Dmaven.home=C:\Program Files\NetBeans-19\netbeans\java\maven -Dlibrary.jansi.path=C:\Program Files\NetBeans-19\netbeans\java\maven\lib\jansi-native -Dmaven.multiModuleProjectDirectory=C:\Users\Administrador\Documents\NetBeansProjects\OradorApp 
java_command: org.codehaus.plexus.classworlds.launcher.Launcher -Dnetbeans.deploy=true -Dnetbeans.deploy.clientUrlPart=/index.jsp -Dmaven.ext.class.path=C:\Program Files\NetBeans-19\netbeans\java\maven-nblib\netbeans-eventspy.jar --no-transfer-progress package
java_class_path (initial): C:\Program Files\NetBeans-19\netbeans\java\maven\boot\plexus-classworlds-2.7.0.jar
Launcher Type: SUN_STANDARD

[Global flags]
     intx CICompilerCount                          = 3                                         {product} {ergonomic}
     uint ConcGCThreads                            = 1                                         {product} {ergonomic}
     uint G1ConcRefinementThreads                  = 4                                         {product} {ergonomic}
   size_t G1HeapRegionSize                         = 1048576                                   {product} {ergonomic}
    uintx GCDrainStackTargetSize                   = 64                                        {product} {ergonomic}
   size_t InitialHeapSize                          = 130023424                                 {product} {ergonomic}
   size_t MarkStackSize                            = 4194304                                   {product} {ergonomic}
   size_t MaxHeapSize                              = 2069889024                                {product} {ergonomic}
   size_t MaxNewSize                               = 1241513984                                {product} {ergonomic}
   size_t MinHeapDeltaBytes                        = 1048576                                   {product} {ergonomic}
   size_t MinHeapSize                              = 8388608                                   {product} {ergonomic}
    uintx NonNMethodCodeHeapSize                   = 5832780                                {pd product} {ergonomic}
    uintx NonProfiledCodeHeapSize                  = 122912730                              {pd product} {ergonomic}
    uintx ProfiledCodeHeapSize                     = 122912730                              {pd product} {ergonomic}
    uintx ReservedCodeCacheSize                    = 251658240                              {pd product} {ergonomic}
     bool SegmentedCodeCache                       = true                                      {product} {ergonomic}
   size_t SoftMaxHeapSize                          = 2069889024                             {manageable} {ergonomic}
     bool UseCompressedClassPointers               = true                           {product lp64_product} {ergonomic}
     bool UseCompressedOops                        = true                           {product lp64_product} {ergonomic}
     bool UseG1GC                                  = true                                      {product} {ergonomic}
     bool UseLargePagesIndividualAllocation        = false                                  {pd product} {ergonomic}

Logging:
Log output configuration:
 #0: stdout all=warning uptime,level,tags
 #1: stderr all=off uptime,level,tags

Environment Variables:
JAVA_HOME=C:\Program Files\Java\jdk-17
PATH=C:\Program Files\Common Files\Oracle\Java\javapath;C:\Program Files (x86)\Common Files\Oracle\Java\javapath;C:\Windows\system32;C:\Windows;C:\Windows\System32\Wbem;C:\Windows\System32\WindowsPowerShell\v1.0\;C:\Windows\System32\OpenSSH\;C:\Program Files\Git\cmd;C:\Users\Administrador\.console-ninja\.bin;C:\Program Files\MySQL\MySQL Shell 8.0\bin\;C:\Users\Administrador\AppData\Local\Microsoft\WindowsApps;;C:\Users\Administrador\AppData\Local\Programs\Microsoft VS Code\bin
USERNAME=Administrador
OS=Windows_NT
PROCESSOR_IDENTIFIER=Intel64 Family 6 Model 42 Stepping 7, GenuineIntel



---------------  S Y S T E M  ---------------

OS:
 Windows 10 , 64 bit Build 19041 (10.0.19041.3570)
OS uptime: 1 days 21:06 hours

CPU: total 4 (initial active 4) (2 cores per cpu, 2 threads per core) family 6 model 42 stepping 7 microcode 0x2f, cx8, cmov, fxsr, ht, mmx, sse, sse2, sse3, ssse3, sse4.1, sse4.2, popcnt, tsc, tscinvbit, avx, clmul, vzeroupper, clflush

Memory: 4k page, system-wide physical 7891M (746M free)
TotalPageFile size 9773M (AvailPageFile size 2M)
current process WorkingSet (physical memory assigned to process): 106M, peak: 106M
current process commit charge ("private bytes"): 233M, peak: 233M

vm_info: Java HotSpot(TM) 64-Bit Server VM (17.0.9+11-LTS-201) for windows-amd64 JRE (17.0.9+11-LTS-201), built on Oct 10 2023 23:16:06 by "mach5one" with MS VC++ 17.1 (VS2022)

END.
